<?xml version="1.0" encoding="UTF-8"?>
<robot generator="Robot 7.1.1 (Python 3.13.0 on win32)" generated="2024-11-08T11:22:15.983080" rpa="false" schemaversion="5">
<suite id="s1" name="Test Post" source="C:\Users\fujitsu\Repos\Karim_Robot_API_Framework\Tests\test_post.robot">
<test id="s1-t1" name="Verify Variables" line="14">
<kw name="Log To Console" owner="BuiltIn">
<arg>${API_URL}</arg>
<doc>Logs the given message to the console.</doc>
<status status="PASS" start="2024-11-08T11:22:16.456948" elapsed="0.000414"/>
</kw>
<kw name="Log To Console" owner="BuiltIn">
<arg>${POSTS_URL}</arg>
<doc>Logs the given message to the console.</doc>
<status status="PASS" start="2024-11-08T11:22:16.457723" elapsed="0.000477"/>
</kw>
<kw name="Log To Console" owner="BuiltIn">
<arg>${HEADERS}</arg>
<doc>Logs the given message to the console.</doc>
<status status="PASS" start="2024-11-08T11:22:16.458517" elapsed="0.000442"/>
</kw>
<status status="PASS" start="2024-11-08T11:22:16.455881" elapsed="0.003707"/>
</test>
<test id="s1-t2" name="Get All Posts" line="19">
<kw name="GET" owner="RequestsLibrary">
<msg time="2024-11-08T11:22:16.758200" level="INFO">GET Request : url=https://jsonplaceholder.typicode.com/posts 
 path_url=/posts 
 headers={'User-Agent': 'python-requests/2.32.3', 'Accept-Encoding': 'gzip, deflate', 'Accept': '*/*', 'Connection': 'keep-alive', 'Content-Type': 'application/json; charset=UTF-8'} 
 body=None 
 </msg>
<msg time="2024-11-08T11:22:16.758516" level="INFO">GET Response : url=https://jsonplaceholder.typicode.com/posts 
 status=200, reason=OK 
 headers={'Date': 'Fri, 08 Nov 2024 10:22:16 GMT', 'Content-Type': 'application/json; charset=utf-8', 'Transfer-Encoding': 'chunked', 'Connection': 'keep-alive', 'Report-To': '{"group":"heroku-nel","max_age":3600,"endpoints":[{"url":"https://nel.heroku.com/reports?ts=1730763767&amp;sid=e11707d5-02a7-43ef-b45e-2cf4d2036f7d&amp;s=uBTTUWArj3tQWymk9afzNShWO6jTFM96iAS8H9x7JPs%3D"}]}', 'Reporting-Endpoints': 'heroku-nel=https://nel.heroku.com/reports?ts=1730763767&amp;sid=e11707d5-02a7-43ef-b45e-2cf4d2036f7d&amp;s=uBTTUWArj3tQWymk9afzNShWO6jTFM96iAS8H9x7JPs%3D', 'Nel': '{"report_to":"heroku-nel","max_age":3600,"success_fraction":0.005,"failure_fraction":0.05,"response_headers":["Via"]}', 'X-Powered-By': 'Express', 'X-Ratelimit-Limit': '1000', 'X-Ratelimit-Remaining': '999', 'X-Ratelimit-Reset': '1730763797', 'Vary': 'Origin, Accept-Encoding', 'Access-Control-Allow-Credentials': 'true', 'Cache-Control': 'max-age=43200', 'Pragma': 'no-cache', 'Expires': '-1', 'X-Content-Type-Options': 'nosniff', 'Etag': 'W/"6b80-Ybsq/K6GwwqrYkAsFxqDXGC7DoM"', 'Content-Encoding': 'gzip', 'Via': '1.1 vegur', 'CF-Cache-Status': 'HIT', 'Age': '9546', 'Server': 'cloudflare', 'CF-RAY': '8df4d745ed520da6-MRS', 'alt-svc': 'h3=":443"; ma=86400', 'server-timing': 'cfL4;desc="?proto=TCP&amp;rtt=58716&amp;sent=5&amp;recv=6&amp;lost=0&amp;retrans=0&amp;sent_bytes=2842&amp;recv_bytes=830&amp;delivery_rate=63006&amp;cwnd=252&amp;unsent_bytes=0&amp;cid=7e7a02cdb561d3aa&amp;ts=96&amp;x=0"'} 
 body=[
  {
    "userId": 1,
    "id": 1,
    "title": "sunt aut facere repellat provident occaecati excepturi optio reprehenderit",
    "body": "quia et suscipit\nsuscipit recusandae consequuntur expedita et cum\nreprehenderit molestiae ut ut quas totam\nnostrum rerum est autem sunt rem eveniet architecto"
  },
  {
    "userId": 1,
    "id": 2,
    "title": "qui est esse",
    "body": "est rerum tempore vitae\nsequi sint nihil reprehenderit dolor beatae ea dolores neque\nfugiat blanditiis voluptate porro vel nihil molestiae ut reiciendis\nqui aperiam non debitis possimus qui neque nisi nulla"
  },
  {
    "userId": 1,
    "id": 3,
    "title": "ea molestias quasi exercitationem repellat qui ipsa sit aut",
    "body": "et iusto sed quo iure\nvoluptatem occaecati omnis eligendi aut ad\nvoluptatem doloribus vel accusantium quis pariatur\nmolestiae porro eius odio et labore et velit aut"
  },
  {
    "userId": 1,
    "id": 4,
    "title": "eum et est occaecati",
    "body": "ullam et saepe reiciendis voluptatem adipisci\nsit amet autem assumenda provident rerum culpa\nquis hic commodi nesciunt rem tenetur doloremque ipsam iure\nquis sunt voluptatem rerum illo velit"
  },
  {
    "userId": 1,
    "id": 5,
    "title": "nesciunt quas odio",
    "body": "repudiandae veniam quaerat sunt sed\nalias aut fugiat sit autem sed est\nvoluptatem omnis possimus esse voluptatibus quis\nest aut tenetur dolor neque"
  },
  {
    "userId": 1,
    "id": 6,
    "title": "dolorem eum magni eos aperiam quia",
    "body": "ut aspernatur corporis harum nihil quis provident sequi\nmollitia nobis aliquid molestiae\nperspiciatis et ea nemo ab reprehenderit accusantium quas\nvoluptate dolores velit et doloremque molestiae"
  },
  {
    "userId": 1,
    "id": 7,
    "title": "magnam facilis autem",
    "body": "dolore placeat quibusdam ea quo vitae\nmagni quis enim qui quis quo nemo aut saepe\nquidem repellat excepturi ut quia\nsunt ut sequi eos ea sed quas"
  },
  {
    "userId": 1,
    "id": 8,
    "title": "dolorem dolore est ipsam",
    "body": "dignissimos aperiam dolorem qui eum\nfacilis quibusdam animi sint suscipit qui sint possimus cum\nquaerat magni maiores excepturi\nipsam ut commodi dolor voluptatum modi aut vitae"
  },
  {
    "userId": 1,
    "id": 9,
    "title": "nesciunt iure omnis dolorem tempora et accusantium",
    "body": "consectetur animi nesciunt iure dolore\nenim quia ad\nveniam autem ut quam aut nobis\net est aut quod aut provident voluptas autem voluptas"
  },
  {
    "userId": 1,
    "id": 10,
    "title": "optio molestias id quia eum",
    "body": "quo et expedita modi cum officia vel magni\ndoloribus qui repudiandae\nvero nisi sit\nquos veniam quod sed accusamus veritatis error"
  },
  {
    "userId": 2,
    "id": 11,
    "title": "et ea vero quia laudantium autem",
    "body": "delectus reiciendis molestiae occaecati non minima eveniet qui voluptatibus\naccusamus in eum beatae sit\nvel qui neque voluptates ut commodi qui incidunt\nut animi commodi"
  },
  {
    "userId": 2,
    "id": 12,
    "title": "in quibusdam tempore odit est dolorem",
    "body": "itaque id aut magnam\npraesentium quia et ea odit et ea voluptas et\nsapiente quia nihil amet occaecati quia id voluptatem\nincidunt ea est distinctio odio"
  },
  {
    "userId": 2,
    "id": 13,
    "title": "dolorum ut in voluptas mollitia et saepe quo animi",
    "body": "aut dicta possimus sint mollitia voluptas commodi quo doloremque\niste corrupti reiciendis voluptatem eius rerum\nsit cumque quod eligendi laborum minima\nperferendis recusandae assumenda consectetur porro architecto ipsum ipsam"
  },
  {
    "userId": 2,
    "id": 14,
    "title": "voluptatem eligendi optio",
    "body": "fuga et accusamus dolorum perferendis illo voluptas\nnon doloremque neque facere\nad qui dolorum molestiae beatae\nsed aut voluptas totam sit illum"
  },
  {
    "userId": 2,
    "id": 15,
    "title": "eveniet quod temporibus",
    "body": "reprehenderit quos placeat\nvelit minima officia dolores impedit repudiandae molestiae nam\nvoluptas recusandae quis delectus\nofficiis harum fugiat vitae"
  },
  {
    "userId": 2,
    "id": 16,
    "title": "sint suscipit perspiciatis velit dolorum rerum ipsa laboriosam odio",
    "body": "suscipit nam nisi quo aperiam aut\nasperiores eos fugit maiores voluptatibus quia\nvoluptatem quis ullam qui in alias quia est\nconsequatur magni mollitia accusamus ea nisi voluptate dicta"
  },
  {
    "userId": 2,
    "id": 17,
    "title": "fugit voluptas sed molestias voluptatem provident",
    "body": "eos voluptas et aut odit natus earum\naspernatur fuga molestiae ullam\ndeserunt ratione qui eos\nqui nihil ratione nemo velit ut aut id quo"
  },
  {
    "userId": 2,
    "id": 18,
    "title": "voluptate et itaque vero tempora molestiae",
    "body": "eveniet quo quis\nlaborum totam consequatur non dolor\nut et est repudiandae\nest voluptatem vel debitis et magnam"
  },
  {
    "userId": 2,
    "id": 19,
    "title": "adipisci placeat illum aut reiciendis qui",
    "body": "illum quis cupiditate provident sit magnam\nea sed aut omnis\nveniam maiores ullam consequatur atque\nadipisci quo iste expedita sit quos voluptas"
  },
  {
    "userId": 2,
    "id": 20,
    "title": "doloribus ad provident suscipit at",
    "body": "qui consequuntur ducimus possimus quisquam amet similique\nsuscipit porro ipsam amet\neos veritatis officiis exercitationem vel fugit aut necessitatibus totam\nomnis rerum consequatur expedita quidem cumque explicabo"
  },
  {
    "userId": 3,
    "id": 21,
    "title": "asperiores ea ipsam voluptatibus modi minima quia sint",
    "body": "repellat aliquid praesentium dolorem quo\nsed totam minus non itaque\nnihil labore molestiae sunt dolor eveniet hic recusandae veniam\ntempora et tenetur expedita sunt"
  },
  {
    "userId": 3,
    "id": 22,
    "title": "dolor sint quo a velit explicabo quia nam",
    "body": "eos qui et ipsum ipsam suscipit aut\nsed omnis non odio\nexpedita earum mollitia molestiae aut atque rem suscipit\nnam impedit esse"
  },
  {
    "userId": 3,
    "id": 23,
    "title": "maxime id vitae nihil numquam",
    "body": "veritatis unde neque eligendi\nquae quod architecto quo neque vitae\nest illo sit tempora doloremque fugit quod\net et vel beatae sequi ullam sed tenetur perspiciatis"
  },
  {
    "userId": 3,
    "id": 24,
    "title": "autem hic labore sunt dolores incidunt",
    "body": "enim et ex nulla\nomnis voluptas quia qui\nvoluptatem consequatur numquam aliquam sunt\ntotam recusandae id dignissimos aut sed asperiores deserunt"
  },
  {
    "userId": 3,
    "id": 25,
    "title": "rem alias distinctio quo quis",
    "body": "ullam consequatur ut\nomnis quis sit vel consequuntur\nipsa eligendi ipsum molestiae et omnis error nostrum\nmolestiae illo tempore quia et distinctio"
  },
  {
    "userId": 3,
    "id": 26,
    "title": "est et quae odit qui non",
    "body": "similique esse doloribus nihil accusamus\nomnis dolorem fuga consequuntur reprehenderit fugit recusandae temporibus\nperspiciatis cum ut laudantium\nomnis aut molestiae vel vero"
  },
  {
    "userId": 3,
    "id": 27,
    "title": "quasi id et eos tenetur aut quo autem",
    "body": "eum sed dolores ipsam sint possimus debitis occaecati\ndebitis qui qui et\nut placeat enim earum aut odit facilis\nconsequatur suscipit necessitatibus rerum sed inventore temporibus consequatur"
  },
  {
    "userId": 3,
    "id": 28,
    "title": "delectus ullam et corporis nulla voluptas sequi",
    "body": "non et quaerat ex quae ad maiores\nmaiores recusandae totam aut blanditiis mollitia quas illo\nut voluptatibus voluptatem\nsimilique nostrum eum"
  },
  {
    "userId": 3,
    "id": 29,
    "title": "iusto eius quod necessitatibus culpa ea",
    "body": "odit magnam ut saepe sed non qui\ntempora atque nihil\naccusamus illum doloribus illo dolor\neligendi repudiandae odit magni similique sed cum maiores"
  },
  {
    "userId": 3,
    "id": 30,
    "title": "a quo magni similique perferendis",
    "body": "alias dolor cumque\nimpedit blanditiis non eveniet odio maxime\nblanditiis amet eius quis tempora quia autem rem\na provident perspiciatis quia"
  },
  {
    "userId": 4,
    "id": 31,
    "title": "ullam ut quidem id aut vel consequuntur",
    "body": "debitis eius sed quibusdam non quis consectetur vitae\nimpedit ut qui consequatur sed aut in\nquidem sit nostrum et maiores adipisci atque\nquaerat voluptatem adipisci repudiandae"
  },
  {
    "userId": 4,
    "id": 32,
    "title": "doloremque illum aliquid sunt",
    "body": "deserunt eos nobis asperiores et hic\nest debitis repellat molestiae optio\nnihil ratione ut eos beatae quibusdam distinctio maiores\nearum voluptates et aut adipisci ea maiores voluptas maxime"
  },
  {
    "userId": 4,
    "id": 33,
    "title": "qui explicabo molestiae dolorem",
    "body": "rerum ut et numquam laborum odit est sit\nid qui sint in\nquasi tenetur tempore aperiam et quaerat qui in\nrerum officiis sequi cumque quod"
  },
  {
    "userId": 4,
    "id": 34,
    "title": "magnam ut rerum iure",
    "body": "ea velit perferendis earum ut voluptatem voluptate itaque iusto\ntotam pariatur in\nnemo voluptatem voluptatem autem magni tempora minima in\nest distinctio qui assumenda accusamus dignissimos officia nesciunt nobis"
  },
  {
    "userId": 4,
    "id": 35,
    "title": "id nihil consequatur molestias animi provident",
    "body": "nisi error delectus possimus ut eligendi vitae\nplaceat eos harum cupiditate facilis reprehenderit voluptatem beatae\nmodi ducimus quo illum voluptas eligendi\net nobis quia fugit"
  },
  {
    "userId": 4,
    "id": 36,
    "title": "fuga nam accusamus voluptas reiciendis itaque",
    "body": "ad mollitia et omnis minus architecto odit\nvoluptas doloremque maxime aut non ipsa qui alias veniam\nblanditiis culpa aut quia nihil cumque facere et occaecati\nqui aspernatur quia eaque ut aperiam inventore"
  },
  {
    "userId": 4,
    "id": 37,
    "title": "provident vel ut sit ratione est... (set the log level to DEBUG or TRACE to see the full content) 
 </msg>
<msg time="2024-11-08T11:22:16.759407" level="INFO">${response} = &lt;Response [200]&gt;</msg>
<var>${response}</var>
<arg>${POSTS_URL}</arg>
<arg>headers=${HEADERS}</arg>
<doc>Sends a GET request.</doc>
<status status="PASS" start="2024-11-08T11:22:16.460517" elapsed="0.298957"/>
</kw>
<kw name="Should Be Equal As Numbers" owner="BuiltIn">
<msg time="2024-11-08T11:22:16.761325" level="INFO">Argument types are:
&lt;class 'int'&gt;
&lt;class 'str'&gt;</msg>
<arg>${response.status_code}</arg>
<arg>200</arg>
<doc>Fails if objects are unequal after converting them to real numbers.</doc>
<status status="PASS" start="2024-11-08T11:22:16.760066" elapsed="0.001409"/>
</kw>
<kw name="Should Be True" owner="BuiltIn">
<arg>${response.elapsed.total_seconds()} &lt; 2</arg>
<arg>Response time is too high</arg>
<doc>Fails if the given condition is not true.</doc>
<status status="PASS" start="2024-11-08T11:22:16.762212" elapsed="0.001022"/>
</kw>
<kw name="Dictionary Should Contain Key" owner="Collections">
<arg>${response.headers}</arg>
<arg>Content-Type</arg>
<doc>Fails if ``key`` is not found from ``dictionary``.</doc>
<status status="PASS" start="2024-11-08T11:22:16.763869" elapsed="0.000937"/>
</kw>
<kw name="Should Be Equal" owner="BuiltIn">
<arg>${response.headers["Content-Type"]}</arg>
<arg>application/json; charset=utf-8</arg>
<doc>Fails if the given objects are unequal.</doc>
<status status="PASS" start="2024-11-08T11:22:16.765415" elapsed="0.001098"/>
</kw>
<kw name="Should Be True" owner="BuiltIn">
<arg>len(${response.json()}) &gt; 2</arg>
<arg>Response body is empty</arg>
<doc>Fails if the given condition is not true.</doc>
<status status="PASS" start="2024-11-08T11:22:16.767111" elapsed="0.008079"/>
</kw>
<for flavor="IN">
<iter>
<kw name="Evaluate" owner="BuiltIn">
<msg time="2024-11-08T11:22:16.779816" level="INFO">${id_type} = &lt;class 'int'&gt;</msg>
<var>${id_type}</var>
<arg>type(${post["id"]})</arg>
<doc>Evaluates the given expression in Python and returns the result.</doc>
<status status="PASS" start="2024-11-08T11:22:16.778184" elapsed="0.001716"/>
</kw>
<kw name="Should Be Equal As Strings" owner="BuiltIn">
<msg time="2024-11-08T11:22:16.780630" level="INFO">Argument types are:
&lt;class 'type'&gt;
&lt;class 'str'&gt;</msg>
<arg>${id_type}</arg>
<arg>&lt;class 'int'&gt;</arg>
<arg>ID is not an integer</arg>
<doc>Fails if objects are unequal after converting them to strings.</doc>
<status status="PASS" start="2024-11-08T11:22:16.780195" elapsed="0.000578"/>
</kw>
<kw name="Evaluate" owner="BuiltIn">
<msg time="2024-11-08T11:22:16.783222" level="INFO">${title_type} = str</msg>
<var>${title_type}</var>
<arg>type('${post["title"]}').__name__</arg>
<doc>Evaluates the given expression in Python and returns the result.</doc>
<status status="PASS" start="2024-11-08T11:22:16.781387" elapsed="0.001905"/>
</kw>
<kw name="Should Be Equal As Strings" owner="BuiltIn">
<arg>${title_type}</arg>
<arg>str</arg>
<arg>Title is not a string</arg>
<doc>Fails if objects are unequal after converting them to strings.</doc>
<status status="PASS" start="2024-11-08T11:22:16.783548" elapsed="0.000329"/>
</kw>
<kw name="Should Not Be Empty" owner="BuiltIn">
<msg time="2024-11-08T11:22:16.784905" level="INFO">Length is 74.</msg>
<arg>${post["title"]}</arg>
<arg>Title field is empty</arg>
<doc>Verifies that the given item is not empty.</doc>
<status status="PASS" start="2024-11-08T11:22:16.784054" elapsed="0.000964"/>
</kw>
<var name="${post}">{'userId': 1, 'id': 1, 'title': 'sunt aut facere repellat provident occaecati excepturi optio reprehenderit', 'body': 'quia et suscipit\nsuscipit recusandae consequuntur expedita et cum\nreprehenderit...</var>
<status status="PASS" start="2024-11-08T11:22:16.777904" elapsed="0.007226"/>
</iter>
<iter>
<kw name="Evaluate" owner="BuiltIn">
<msg time="2024-11-08T11:22:16.786583" level="INFO">${id_type} = &lt;class 'int'&gt;</msg>
<var>${id_type}</var>
<arg>type(${post["id"]})</arg>
<doc>Evaluates the given expression in Python and returns the result.</doc>
<status status="PASS" start="2024-11-08T11:22:16.785623" elapsed="0.001006"/>
</kw>
<kw name="Should Be Equal As Strings" owner="BuiltIn">
<msg time="2024-11-08T11:22:16.787042" level="INFO">Argument types are:
&lt;class 'type'&gt;
&lt;class 'str'&gt;</msg>
<arg>${id_type}</arg>
<arg>&lt;class 'int'&gt;</arg>
<arg>ID is not an integer</arg>
<doc>Fails if objects are unequal after converting them to strings.</doc>
<status status="PASS" start="2024-11-08T11:22:16.786804" elapsed="0.000318"/>
</kw>
<kw name="Evaluate" owner="BuiltIn">
<msg time="2024-11-08T11:22:16.788082" level="INFO">${title_type} = str</msg>
<var>${title_type}</var>
<arg>type('${post["title"]}').__name__</arg>
<doc>Evaluates the given expression in Python and returns the result.</doc>
<status status="PASS" start="2024-11-08T11:22:16.787288" elapsed="0.000832"/>
</kw>
<kw name="Should Be Equal As Strings" owner="BuiltIn">
<arg>${title_type}</arg>
<arg>str</arg>
<arg>Title is not a string</arg>
<doc>Fails if objects are unequal after converting them to strings.</doc>
<status status="PASS" start="2024-11-08T11:22:16.788272" elapsed="0.000260"/>
</kw>
<kw name="Should Not Be Empty" owner="BuiltIn">
<msg time="2024-11-08T11:22:16.789366" level="INFO">Length is 12.</msg>
<arg>${post["title"]}</arg>
<arg>Title field is empty</arg>
<doc>Verifies that the given item is not empty.</doc>
<status status="PASS" start="2024-11-08T11:22:16.788677" elapsed="0.000767"/>
</kw>
<var name="${post}">{'userId': 1, 'id': 2, 'title': 'qui est esse', 'body': 'est rerum tempore vitae\nsequi sint nihil reprehenderit dolor beatae ea dolores neque\nfugiat blanditiis voluptate porro vel nihil molestiae ut...</var>
<status status="PASS" start="2024-11-08T11:22:16.785455" elapsed="0.004056"/>
</iter>
<iter>
<kw name="Evaluate" owner="BuiltIn">
<msg time="2024-11-08T11:22:16.790733" level="INFO">${id_type} = &lt;class 'int'&gt;</msg>
<var>${id_type}</var>
<arg>type(${post["id"]})</arg>
<doc>Evaluates the given expression in Python and returns the result.</doc>
<status status="PASS" start="2024-11-08T11:22:16.789833" elapsed="0.000943"/>
</kw>
<kw name="Should Be Equal As Strings" owner="BuiltIn">
<msg time="2024-11-08T11:22:16.791147" level="INFO">Argument types are:
&lt;class 'type'&gt;
&lt;class 'str'&gt;</msg>
<arg>${id_type}</arg>
<arg>&lt;class 'int'&gt;</arg>
<arg>ID is not an integer</arg>
<doc>Fails if objects are unequal after converting them to strings.</doc>
<status status="PASS" start="2024-11-08T11:22:16.790933" elapsed="0.000286"/>
</kw>
<kw name="Evaluate" owner="BuiltIn">
<msg time="2024-11-08T11:22:16.792247" level="INFO">${title_type} = str</msg>
<var>${title_type}</var>
<arg>type('${post["title"]}').__name__</arg>
<doc>Evaluates the given expression in Python and returns the result.</doc>
<status status="PASS" start="2024-11-08T11:22:16.791374" elapsed="0.000912"/>
</kw>
<kw name="Should Be Equal As Strings" owner="BuiltIn">
<arg>${title_type}</arg>
<arg>str</arg>
<arg>Title is not a string</arg>
<doc>Fails if objects are unequal after converting them to strings.</doc>
<status status="PASS" start="2024-11-08T11:22:16.792443" elapsed="0.000264"/>
</kw>
<kw name="Should Not Be Empty" owner="BuiltIn">
<msg time="2024-11-08T11:22:16.793612" level="INFO">Length is 59.</msg>
<arg>${post["title"]}</arg>
<arg>Title field is empty</arg>
<doc>Verifies that the given item is not empty.</doc>
<status status="PASS" start="2024-11-08T11:22:16.792864" elapsed="0.000842"/>
</kw>
<var name="${post}">{'userId': 1, 'id': 3, 'title': 'ea molestias quasi exercitationem repellat qui ipsa sit aut', 'body': 'et iusto sed quo iure\nvoluptatem occaecati omnis eligendi aut ad\nvoluptatem doloribus vel accu...</var>
<status status="PASS" start="2024-11-08T11:22:16.789713" elapsed="0.004316"/>
</iter>
<iter>
<kw name="Evaluate" owner="BuiltIn">
<msg time="2024-11-08T11:22:16.796497" level="INFO">${id_type} = &lt;class 'int'&gt;</msg>
<var>${id_type}</var>
<arg>type(${post["id"]})</arg>
<doc>Evaluates the given expression in Python and returns the result.</doc>
<status status="PASS" start="2024-11-08T11:22:16.794534" elapsed="0.002182"/>
</kw>
<kw name="Should Be Equal As Strings" owner="BuiltIn">
<msg time="2024-11-08T11:22:16.797630" level="INFO">Argument types are:
&lt;class 'type'&gt;
&lt;class 'str'&gt;</msg>
<arg>${id_type}</arg>
<arg>&lt;class 'int'&gt;</arg>
<arg>ID is not an integer</arg>
<doc>Fails if objects are unequal after converting them to strings.</doc>
<status status="PASS" start="2024-11-08T11:22:16.797238" elapsed="0.000495"/>
</kw>
<kw name="Evaluate" owner="BuiltIn">
<msg time="2024-11-08T11:22:16.798776" level="INFO">${title_type} = str</msg>
<var>${title_type}</var>
<arg>type('${post["title"]}').__name__</arg>
<doc>Evaluates the given expression in Python and returns the result.</doc>
<status status="PASS" start="2024-11-08T11:22:16.797972" elapsed="0.000844"/>
</kw>
<kw name="Should Be Equal As Strings" owner="BuiltIn">
<arg>${title_type}</arg>
<arg>str</arg>
<arg>Title is not a string</arg>
<doc>Fails if objects are unequal after converting them to strings.</doc>
<status status="PASS" start="2024-11-08T11:22:16.798966" elapsed="0.000223"/>
</kw>
<kw name="Should Not Be Empty" owner="BuiltIn">
<msg time="2024-11-08T11:22:16.799723" level="INFO">Length is 20.</msg>
<arg>${post["title"]}</arg>
<arg>Title field is empty</arg>
<doc>Verifies that the given item is not empty.</doc>
<status status="PASS" start="2024-11-08T11:22:16.799285" elapsed="0.000479"/>
</kw>
<var name="${post}">{'userId': 1, 'id': 4, 'title': 'eum et est occaecati', 'body': 'ullam et saepe reiciendis voluptatem adipisci\nsit amet autem assumenda provident rerum culpa\nquis hic commodi nesciunt rem tenetur do...</var>
<status status="PASS" start="2024-11-08T11:22:16.794381" elapsed="0.005422"/>
</iter>
<iter>
<kw name="Evaluate" owner="BuiltIn">
<msg time="2024-11-08T11:22:16.800579" level="INFO">${id_type} = &lt;class 'int'&gt;</msg>
<var>${id_type}</var>
<arg>type(${post["id"]})</arg>
<doc>Evaluates the given expression in Python and returns the result.</doc>
<status status="PASS" start="2024-11-08T11:22:16.800008" elapsed="0.000601"/>
</kw>
<kw name="Should Be Equal As Strings" owner="BuiltIn">
<msg time="2024-11-08T11:22:16.801023" level="INFO">Argument types are:
&lt;class 'type'&gt;
&lt;class 'str'&gt;</msg>
<arg>${id_type}</arg>
<arg>&lt;class 'int'&gt;</arg>
<arg>ID is not an integer</arg>
<doc>Fails if objects are unequal after converting them to strings.</doc>
<status status="PASS" start="2024-11-08T11:22:16.800759" elapsed="0.000336"/>
</kw>
<kw name="Evaluate" owner="BuiltIn">
<msg time="2024-11-08T11:22:16.802890" level="INFO">${title_type} = str</msg>
<var>${title_type}</var>
<arg>type('${post["title"]}').__name__</arg>
<doc>Evaluates the given expression in Python and returns the result.</doc>
<status status="PASS" start="2024-11-08T11:22:16.801367" elapsed="0.001613"/>
</kw>
<kw name="Should Be Equal As Strings" owner="BuiltIn">
<arg>${title_type}</arg>
<arg>str</arg>
<arg>Title is not a string</arg>
<doc>Fails if objects are unequal after converting them to strings.</doc>
<status status="PASS" start="2024-11-08T11:22:16.803145" elapsed="0.000203"/>
</kw>
<kw name="Should Not Be Empty" owner="BuiltIn">
<msg time="2024-11-08T11:22:16.803883" level="INFO">Length is 18.</msg>
<arg>${post["title"]}</arg>
<arg>Title field is empty</arg>
<doc>Verifies that the given item is not empty.</doc>
<status status="PASS" start="2024-11-08T11:22:16.803447" elapsed="0.000478"/>
</kw>
<var name="${post}">{'userId': 1, 'id': 5, 'title': 'nesciunt quas odio', 'body': 'repudiandae veniam quaerat sunt sed\nalias aut fugiat sit autem sed est\nvoluptatem omnis possimus esse voluptatibus quis\nest aut tenetu...</var>
<status status="PASS" start="2024-11-08T11:22:16.799931" elapsed="0.004032"/>
</iter>
<iter>
<kw name="Evaluate" owner="BuiltIn">
<msg time="2024-11-08T11:22:16.804680" level="INFO">${id_type} = &lt;class 'int'&gt;</msg>
<var>${id_type}</var>
<arg>type(${post["id"]})</arg>
<doc>Evaluates the given expression in Python and returns the result.</doc>
<status status="PASS" start="2024-11-08T11:22:16.804167" elapsed="0.000538"/>
</kw>
<kw name="Should Be Equal As Strings" owner="BuiltIn">
<msg time="2024-11-08T11:22:16.804921" level="INFO">Argument types are:
&lt;class 'type'&gt;
&lt;class 'str'&gt;</msg>
<arg>${id_type}</arg>
<arg>&lt;class 'int'&gt;</arg>
<arg>ID is not an integer</arg>
<doc>Fails if objects are unequal after converting them to strings.</doc>
<status status="PASS" start="2024-11-08T11:22:16.804796" elapsed="0.000220"/>
</kw>
<kw name="Evaluate" owner="BuiltIn">
<msg time="2024-11-08T11:22:16.805955" level="INFO">${title_type} = str</msg>
<var>${title_type}</var>
<arg>type('${post["title"]}').__name__</arg>
<doc>Evaluates the given expression in Python and returns the result.</doc>
<status status="PASS" start="2024-11-08T11:22:16.805118" elapsed="0.000952"/>
</kw>
<kw name="Should Be Equal As Strings" owner="BuiltIn">
<arg>${title_type}</arg>
<arg>str</arg>
<arg>Title is not a string</arg>
<doc>Fails if objects are unequal after converting them to strings.</doc>
<status status="PASS" start="2024-11-08T11:22:16.806214" elapsed="0.000493"/>
</kw>
<kw name="Should Not Be Empty" owner="BuiltIn">
<msg time="2024-11-08T11:22:16.808725" level="INFO">Length is 34.</msg>
<arg>${post["title"]}</arg>
<arg>Title field is empty</arg>
<doc>Verifies that the given item is not empty.</doc>
<status status="PASS" start="2024-11-08T11:22:16.806982" elapsed="0.001845"/>
</kw>
<var name="${post}">{'userId': 1, 'id': 6, 'title': 'dolorem eum magni eos aperiam quia', 'body': 'ut aspernatur corporis harum nihil quis provident sequi\nmollitia nobis aliquid molestiae\nperspiciatis et ea nemo ab rep...</var>
<status status="PASS" start="2024-11-08T11:22:16.804091" elapsed="0.004874"/>
</iter>
<iter>
<kw name="Evaluate" owner="BuiltIn">
<msg time="2024-11-08T11:22:16.810320" level="INFO">${id_type} = &lt;class 'int'&gt;</msg>
<var>${id_type}</var>
<arg>type(${post["id"]})</arg>
<doc>Evaluates the given expression in Python and returns the result.</doc>
<status status="PASS" start="2024-11-08T11:22:16.809367" elapsed="0.000993"/>
</kw>
<kw name="Should Be Equal As Strings" owner="BuiltIn">
<msg time="2024-11-08T11:22:16.810716" level="INFO">Argument types are:
&lt;class 'type'&gt;
&lt;class 'str'&gt;</msg>
<arg>${id_type}</arg>
<arg>&lt;class 'int'&gt;</arg>
<arg>ID is not an integer</arg>
<doc>Fails if objects are unequal after converting them to strings.</doc>
<status status="PASS" start="2024-11-08T11:22:16.810518" elapsed="0.000267"/>
</kw>
<kw name="Evaluate" owner="BuiltIn">
<msg time="2024-11-08T11:22:16.811580" level="INFO">${title_type} = str</msg>
<var>${title_type}</var>
<arg>type('${post["title"]}').__name__</arg>
<doc>Evaluates the given expression in Python and returns the result.</doc>
<status status="PASS" start="2024-11-08T11:22:16.810915" elapsed="0.000695"/>
</kw>
<kw name="Should Be Equal As Strings" owner="BuiltIn">
<arg>${title_type}</arg>
<arg>str</arg>
<arg>Title is not a string</arg>
<doc>Fails if objects are unequal after converting them to strings.</doc>
<status status="PASS" start="2024-11-08T11:22:16.811732" elapsed="0.000202"/>
</kw>
<kw name="Should Not Be Empty" owner="BuiltIn">
<msg time="2024-11-08T11:22:16.812611" level="INFO">Length is 20.</msg>
<arg>${post["title"]}</arg>
<arg>Title field is empty</arg>
<doc>Verifies that the given item is not empty.</doc>
<status status="PASS" start="2024-11-08T11:22:16.812047" elapsed="0.000618"/>
</kw>
<var name="${post}">{'userId': 1, 'id': 7, 'title': 'magnam facilis autem', 'body': 'dolore placeat quibusdam ea quo vitae\nmagni quis enim qui quis quo nemo aut saepe\nquidem repellat excepturi ut quia\nsunt ut sequi eo...</var>
<status status="PASS" start="2024-11-08T11:22:16.809191" elapsed="0.003522"/>
</iter>
<iter>
<kw name="Evaluate" owner="BuiltIn">
<msg time="2024-11-08T11:22:16.814301" level="INFO">${id_type} = &lt;class 'int'&gt;</msg>
<var>${id_type}</var>
<arg>type(${post["id"]})</arg>
<doc>Evaluates the given expression in Python and returns the result.</doc>
<status status="PASS" start="2024-11-08T11:22:16.813001" elapsed="0.001476"/>
</kw>
<kw name="Should Be Equal As Strings" owner="BuiltIn">
<msg time="2024-11-08T11:22:16.814865" level="INFO">Argument types are:
&lt;class 'type'&gt;
&lt;class 'str'&gt;</msg>
<arg>${id_type}</arg>
<arg>&lt;class 'int'&gt;</arg>
<arg>ID is not an integer</arg>
<doc>Fails if objects are unequal after converting them to strings.</doc>
<status status="PASS" start="2024-11-08T11:22:16.814654" elapsed="0.000281"/>
</kw>
<kw name="Evaluate" owner="BuiltIn">
<msg time="2024-11-08T11:22:16.815635" level="INFO">${title_type} = str</msg>
<var>${title_type}</var>
<arg>type('${post["title"]}').__name__</arg>
<doc>Evaluates the given expression in Python and returns the result.</doc>
<status status="PASS" start="2024-11-08T11:22:16.815076" elapsed="0.000583"/>
</kw>
<kw name="Should Be Equal As Strings" owner="BuiltIn">
<arg>${title_type}</arg>
<arg>str</arg>
<arg>Title is not a string</arg>
<doc>Fails if objects are unequal after converting them to strings.</doc>
<status status="PASS" start="2024-11-08T11:22:16.815749" elapsed="0.000141"/>
</kw>
<kw name="Should Not Be Empty" owner="BuiltIn">
<msg time="2024-11-08T11:22:16.816323" level="INFO">Length is 24.</msg>
<arg>${post["title"]}</arg>
<arg>Title field is empty</arg>
<doc>Verifies that the given item is not empty.</doc>
<status status="PASS" start="2024-11-08T11:22:16.815967" elapsed="0.000388"/>
</kw>
<var name="${post}">{'userId': 1, 'id': 8, 'title': 'dolorem dolore est ipsam', 'body': 'dignissimos aperiam dolorem qui eum\nfacilis quibusdam animi sint suscipit qui sint possimus cum\nquaerat magni maiores excepturi\n...</var>
<status status="PASS" start="2024-11-08T11:22:16.812904" elapsed="0.003481"/>
</iter>
<iter>
<kw name="Evaluate" owner="BuiltIn">
<msg time="2024-11-08T11:22:16.816947" level="INFO">${id_type} = &lt;class 'int'&gt;</msg>
<var>${id_type}</var>
<arg>type(${post["id"]})</arg>
<doc>Evaluates the given expression in Python and returns the result.</doc>
<status status="PASS" start="2024-11-08T11:22:16.816544" elapsed="0.000425"/>
</kw>
<kw name="Should Be Equal As Strings" owner="BuiltIn">
<msg time="2024-11-08T11:22:16.817179" level="INFO">Argument types are:
&lt;class 'type'&gt;
&lt;class 'str'&gt;</msg>
<arg>${id_type}</arg>
<arg>&lt;class 'int'&gt;</arg>
<arg>ID is not an integer</arg>
<doc>Fails if objects are unequal after converting them to strings.</doc>
<status status="PASS" start="2024-11-08T11:22:16.817050" elapsed="0.000177"/>
</kw>
<kw name="Evaluate" owner="BuiltIn">
<msg time="2024-11-08T11:22:16.817710" level="INFO">${title_type} = str</msg>
<var>${title_type}</var>
<arg>type('${post["title"]}').__name__</arg>
<doc>Evaluates the given expression in Python and returns the result.</doc>
<status status="PASS" start="2024-11-08T11:22:16.817307" elapsed="0.000424"/>
</kw>
<kw name="Should Be Equal As Strings" owner="BuiltIn">
<arg>${title_type}</arg>
<arg>str</arg>
<arg>Title is not a string</arg>
<doc>Fails if objects are unequal after converting them to strings.</doc>
<status status="PASS" start="2024-11-08T11:22:16.817808" elapsed="0.000128"/>
</kw>
<kw name="Should Not Be Empty" owner="BuiltIn">
<msg time="2024-11-08T11:22:16.818345" level="INFO">Length is 50.</msg>
<arg>${post["title"]}</arg>
<arg>Title field is empty</arg>
<doc>Verifies that the given item is not empty.</doc>
<status status="PASS" start="2024-11-08T11:22:16.818014" elapsed="0.000361"/>
</kw>
<var name="${post}">{'userId': 1, 'id': 9, 'title': 'nesciunt iure omnis dolorem tempora et accusantium', 'body': 'consectetur animi nesciunt iure dolore\nenim quia ad\nveniam autem ut quam aut nobis\net est aut quod aut...</var>
<status status="PASS" start="2024-11-08T11:22:16.816486" elapsed="0.001920"/>
</iter>
<iter>
<kw name="Evaluate" owner="BuiltIn">
<msg time="2024-11-08T11:22:16.819307" level="INFO">${id_type} = &lt;class 'int'&gt;</msg>
<var>${id_type}</var>
<arg>type(${post["id"]})</arg>
<doc>Evaluates the given expression in Python and returns the result.</doc>
<status status="PASS" start="2024-11-08T11:22:16.818570" elapsed="0.000761"/>
</kw>
<kw name="Should Be Equal As Strings" owner="BuiltIn">
<msg time="2024-11-08T11:22:16.819535" level="INFO">Argument types are:
&lt;class 'type'&gt;
&lt;class 'str'&gt;</msg>
<arg>${id_type}</arg>
<arg>&lt;class 'int'&gt;</arg>
<arg>ID is not an integer</arg>
<doc>Fails if objects are unequal after converting them to strings.</doc>
<status status="PASS" start="2024-11-08T11:22:16.819422" elapsed="0.000151"/>
</kw>
<kw name="Evaluate" owner="BuiltIn">
<msg time="2024-11-08T11:22:16.820038" level="INFO">${title_type} = str</msg>
<var>${title_type}</var>
<arg>type('${post["title"]}').__name__</arg>
<doc>Evaluates the given expression in Python and returns the result.</doc>
<status status="PASS" start="2024-11-08T11:22:16.819652" elapsed="0.000404"/>
</kw>
<kw name="Should Be Equal As Strings" owner="BuiltIn">
<arg>${title_type}</arg>
<arg>str</arg>
<arg>Title is not a string</arg>
<doc>Fails if objects are unequal after converting them to strings.</doc>
<status status="PASS" start="2024-11-08T11:22:16.820134" elapsed="0.000144"/>
</kw>
<kw name="Should Not Be Empty" owner="BuiltIn">
<msg time="2024-11-08T11:22:16.820735" level="INFO">Length is 27.</msg>
<arg>${post["title"]}</arg>
<arg>Title field is empty</arg>
<doc>Verifies that the given item is not empty.</doc>
<status status="PASS" start="2024-11-08T11:22:16.820358" elapsed="0.000417"/>
</kw>
<var name="${post}">{'userId': 1, 'id': 10, 'title': 'optio molestias id quia eum', 'body': 'quo et expedita modi cum officia vel magni\ndoloribus qui repudiandae\nvero nisi sit\nquos veniam quod sed accusamus veritatis ...</var>
<status status="PASS" start="2024-11-08T11:22:16.818507" elapsed="0.002302"/>
</iter>
<iter>
<kw name="Evaluate" owner="BuiltIn">
<msg time="2024-11-08T11:22:16.821379" level="INFO">${id_type} = &lt;class 'int'&gt;</msg>
<var>${id_type}</var>
<arg>type(${post["id"]})</arg>
<doc>Evaluates the given expression in Python and returns the result.</doc>
<status status="PASS" start="2024-11-08T11:22:16.820970" elapsed="0.000435"/>
</kw>
<kw name="Should Be Equal As Strings" owner="BuiltIn">
<msg time="2024-11-08T11:22:16.821594" level="INFO">Argument types are:
&lt;class 'type'&gt;
&lt;class 'str'&gt;</msg>
<arg>${id_type}</arg>
<arg>&lt;class 'int'&gt;</arg>
<arg>ID is not an integer</arg>
<doc>Fails if objects are unequal after converting them to strings.</doc>
<status status="PASS" start="2024-11-08T11:22:16.821486" elapsed="0.000165"/>
</kw>
<kw name="Evaluate" owner="BuiltIn">
<msg time="2024-11-08T11:22:16.822338" level="INFO">${title_type} = str</msg>
<var>${title_type}</var>
<arg>type('${post["title"]}').__name__</arg>
<doc>Evaluates the given expression in Python and returns the result.</doc>
<status status="PASS" start="2024-11-08T11:22:16.821743" elapsed="0.000621"/>
</kw>
<kw name="Should Be Equal As Strings" owner="BuiltIn">
<arg>${title_type}</arg>
<arg>str</arg>
<arg>Title is not a string</arg>
<doc>Fails if objects are unequal after converting them to strings.</doc>
<status status="PASS" start="2024-11-08T11:22:16.822472" elapsed="0.000202"/>
</kw>
<kw name="Should Not Be Empty" owner="BuiltIn">
<msg time="2024-11-08T11:22:16.823654" level="INFO">Length is 32.</msg>
<arg>${post["title"]}</arg>
<arg>Title field is empty</arg>
<doc>Verifies that the given item is not empty.</doc>
<status status="PASS" start="2024-11-08T11:22:16.822899" elapsed="0.000796"/>
</kw>
<var name="${post}">{'userId': 2, 'id': 11, 'title': 'et ea vero quia laudantium autem', 'body': 'delectus reiciendis molestiae occaecati non minima eveniet qui voluptatibus\naccusamus in eum beatae sit\nvel qui neque vo...</var>
<status status="PASS" start="2024-11-08T11:22:16.820912" elapsed="0.002825"/>
</iter>
<iter>
<kw name="Evaluate" owner="BuiltIn">
<msg time="2024-11-08T11:22:16.824867" level="INFO">${id_type} = &lt;class 'int'&gt;</msg>
<var>${id_type}</var>
<arg>type(${post["id"]})</arg>
<doc>Evaluates the given expression in Python and returns the result.</doc>
<status status="PASS" start="2024-11-08T11:22:16.824248" elapsed="0.000646"/>
</kw>
<kw name="Should Be Equal As Strings" owner="BuiltIn">
<msg time="2024-11-08T11:22:16.825124" level="INFO">Argument types are:
&lt;class 'type'&gt;
&lt;class 'str'&gt;</msg>
<arg>${id_type}</arg>
<arg>&lt;class 'int'&gt;</arg>
<arg>ID is not an integer</arg>
<doc>Fails if objects are unequal after converting them to strings.</doc>
<status status="PASS" start="2024-11-08T11:22:16.824991" elapsed="0.000175"/>
</kw>
<kw name="Evaluate" owner="BuiltIn">
<msg time="2024-11-08T11:22:16.825690" level="INFO">${title_type} = str</msg>
<var>${title_type}</var>
<arg>type('${post["title"]}').__name__</arg>
<doc>Evaluates the given expression in Python and returns the result.</doc>
<status status="PASS" start="2024-11-08T11:22:16.825253" elapsed="0.000457"/>
</kw>
<kw name="Should Be Equal As Strings" owner="BuiltIn">
<arg>${title_type}</arg>
<arg>str</arg>
<arg>Title is not a string</arg>
<doc>Fails if objects are unequal after converting them to strings.</doc>
<status status="PASS" start="2024-11-08T11:22:16.825787" elapsed="0.000129"/>
</kw>
<kw name="Should Not Be Empty" owner="BuiltIn">
<msg time="2024-11-08T11:22:16.826342" level="INFO">Length is 37.</msg>
<arg>${post["title"]}</arg>
<arg>Title field is empty</arg>
<doc>Verifies that the given item is not empty.</doc>
<status status="PASS" start="2024-11-08T11:22:16.825991" elapsed="0.000383"/>
</kw>
<var name="${post}">{'userId': 2, 'id': 12, 'title': 'in quibusdam tempore odit est dolorem', 'body': 'itaque id aut magnam\npraesentium quia et ea odit et ea voluptas et\nsapiente quia nihil amet occaecati quia id volup...</var>
<status status="PASS" start="2024-11-08T11:22:16.823914" elapsed="0.002491"/>
</iter>
<iter>
<kw name="Evaluate" owner="BuiltIn">
<msg time="2024-11-08T11:22:16.826981" level="INFO">${id_type} = &lt;class 'int'&gt;</msg>
<var>${id_type}</var>
<arg>type(${post["id"]})</arg>
<doc>Evaluates the given expression in Python and returns the result.</doc>
<status status="PASS" start="2024-11-08T11:22:16.826568" elapsed="0.000435"/>
</kw>
<kw name="Should Be Equal As Strings" owner="BuiltIn">
<msg time="2024-11-08T11:22:16.827192" level="INFO">Argument types are:
&lt;class 'type'&gt;
&lt;class 'str'&gt;</msg>
<arg>${id_type}</arg>
<arg>&lt;class 'int'&gt;</arg>
<arg>ID is not an integer</arg>
<doc>Fails if objects are unequal after converting them to strings.</doc>
<status status="PASS" start="2024-11-08T11:22:16.827076" elapsed="0.000151"/>
</kw>
<kw name="Evaluate" owner="BuiltIn">
<msg time="2024-11-08T11:22:16.827691" level="INFO">${title_type} = str</msg>
<var>${title_type}</var>
<arg>type('${post["title"]}').__name__</arg>
<doc>Evaluates the given expression in Python and returns the result.</doc>
<status status="PASS" start="2024-11-08T11:22:16.827301" elapsed="0.000410"/>
</kw>
<kw name="Should Be Equal As Strings" owner="BuiltIn">
<arg>${title_type}</arg>
<arg>str</arg>
<arg>Title is not a string</arg>
<doc>Fails if objects are unequal after converting them to strings.</doc>
<status status="PASS" start="2024-11-08T11:22:16.827787" elapsed="0.000136"/>
</kw>
<kw name="Should Not Be Empty" owner="BuiltIn">
<msg time="2024-11-08T11:22:16.828325" level="INFO">Length is 50.</msg>
<arg>${post["title"]}</arg>
<arg>Title field is empty</arg>
<doc>Verifies that the given item is not empty.</doc>
<status status="PASS" start="2024-11-08T11:22:16.827994" elapsed="0.000361"/>
</kw>
<var name="${post}">{'userId': 2, 'id': 13, 'title': 'dolorum ut in voluptas mollitia et saepe quo animi', 'body': 'aut dicta possimus sint mollitia voluptas commodi quo doloremque\niste corrupti reiciendis voluptatem ei...</var>
<status status="PASS" start="2024-11-08T11:22:16.826510" elapsed="0.001875"/>
</iter>
<iter>
<kw name="Evaluate" owner="BuiltIn">
<msg time="2024-11-08T11:22:16.828924" level="INFO">${id_type} = &lt;class 'int'&gt;</msg>
<var>${id_type}</var>
<arg>type(${post["id"]})</arg>
<doc>Evaluates the given expression in Python and returns the result.</doc>
<status status="PASS" start="2024-11-08T11:22:16.828533" elapsed="0.000414"/>
</kw>
<kw name="Should Be Equal As Strings" owner="BuiltIn">
<msg time="2024-11-08T11:22:16.829120" level="INFO">Argument types are:
&lt;class 'type'&gt;
&lt;class 'str'&gt;</msg>
<arg>${id_type}</arg>
<arg>&lt;class 'int'&gt;</arg>
<arg>ID is not an integer</arg>
<doc>Fails if objects are unequal after converting them to strings.</doc>
<status status="PASS" start="2024-11-08T11:22:16.829021" elapsed="0.000135"/>
</kw>
<kw name="Evaluate" owner="BuiltIn">
<msg time="2024-11-08T11:22:16.829601" level="INFO">${title_type} = str</msg>
<var>${title_type}</var>
<arg>type('${post["title"]}').__name__</arg>
<doc>Evaluates the given expression in Python and returns the result.</doc>
<status status="PASS" start="2024-11-08T11:22:16.829228" elapsed="0.000393"/>
</kw>
<kw name="Should Be Equal As Strings" owner="BuiltIn">
<arg>${title_type}</arg>
<arg>str</arg>
<arg>Title is not a string</arg>
<doc>Fails if objects are unequal after converting them to strings.</doc>
<status status="PASS" start="2024-11-08T11:22:16.829702" elapsed="0.000124"/>
</kw>
<kw name="Should Not Be Empty" owner="BuiltIn">
<msg time="2024-11-08T11:22:16.830222" level="INFO">Length is 25.</msg>
<arg>${post["title"]}</arg>
<arg>Title field is empty</arg>
<doc>Verifies that the given item is not empty.</doc>
<status status="PASS" start="2024-11-08T11:22:16.829897" elapsed="0.000355"/>
</kw>
<var name="${post}">{'userId': 2, 'id': 14, 'title': 'voluptatem eligendi optio', 'body': 'fuga et accusamus dolorum perferendis illo voluptas\nnon doloremque neque facere\nad qui dolorum molestiae beatae\nsed aut volupt...</var>
<status status="PASS" start="2024-11-08T11:22:16.828479" elapsed="0.001803"/>
</iter>
<iter>
<kw name="Evaluate" owner="BuiltIn">
<msg time="2024-11-08T11:22:16.830852" level="INFO">${id_type} = &lt;class 'int'&gt;</msg>
<var>${id_type}</var>
<arg>type(${post["id"]})</arg>
<doc>Evaluates the given expression in Python and returns the result.</doc>
<status status="PASS" start="2024-11-08T11:22:16.830471" elapsed="0.000400"/>
</kw>
<kw name="Should Be Equal As Strings" owner="BuiltIn">
<msg time="2024-11-08T11:22:16.831036" level="INFO">Argument types are:
&lt;class 'type'&gt;
&lt;class 'str'&gt;</msg>
<arg>${id_type}</arg>
<arg>&lt;class 'int'&gt;</arg>
<arg>ID is not an integer</arg>
<doc>Fails if objects are unequal after converting them to strings.</doc>
<status status="PASS" start="2024-11-08T11:22:16.830941" elapsed="0.000129"/>
</kw>
<kw name="Evaluate" owner="BuiltIn">
<msg time="2024-11-08T11:22:16.831508" level="INFO">${title_type} = str</msg>
<var>${title_type}</var>
<arg>type('${post["title"]}').__name__</arg>
<doc>Evaluates the given expression in Python and returns the result.</doc>
<status status="PASS" start="2024-11-08T11:22:16.831143" elapsed="0.000390"/>
</kw>
<kw name="Should Be Equal As Strings" owner="BuiltIn">
<arg>${title_type}</arg>
<arg>str</arg>
<arg>Title is not a string</arg>
<doc>Fails if objects are unequal after converting them to strings.</doc>
<status status="PASS" start="2024-11-08T11:22:16.831623" elapsed="0.000126"/>
</kw>
<kw name="Should Not Be Empty" owner="BuiltIn">
<msg time="2024-11-08T11:22:16.832144" level="INFO">Length is 23.</msg>
<arg>${post["title"]}</arg>
<arg>Title field is empty</arg>
<doc>Verifies that the given item is not empty.</doc>
<status status="PASS" start="2024-11-08T11:22:16.831821" elapsed="0.000353"/>
</kw>
<var name="${post}">{'userId': 2, 'id': 15, 'title': 'eveniet quod temporibus', 'body': 'reprehenderit quos placeat\nvelit minima officia dolores impedit repudiandae molestiae nam\nvoluptas recusandae quis delectus\noffi...</var>
<status status="PASS" start="2024-11-08T11:22:16.830416" elapsed="0.001790"/>
</iter>
<iter>
<kw name="Evaluate" owner="BuiltIn">
<msg time="2024-11-08T11:22:16.832855" level="INFO">${id_type} = &lt;class 'int'&gt;</msg>
<var>${id_type}</var>
<arg>type(${post["id"]})</arg>
<doc>Evaluates the given expression in Python and returns the result.</doc>
<status status="PASS" start="2024-11-08T11:22:16.832402" elapsed="0.000474"/>
</kw>
<kw name="Should Be Equal As Strings" owner="BuiltIn">
<msg time="2024-11-08T11:22:16.833073" level="INFO">Argument types are:
&lt;class 'type'&gt;
&lt;class 'str'&gt;</msg>
<arg>${id_type}</arg>
<arg>&lt;class 'int'&gt;</arg>
<arg>ID is not an integer</arg>
<doc>Fails if objects are unequal after converting them to strings.</doc>
<status status="PASS" start="2024-11-08T11:22:16.832961" elapsed="0.000150"/>
</kw>
<kw name="Evaluate" owner="BuiltIn">
<msg time="2024-11-08T11:22:16.833569" level="INFO">${title_type} = str</msg>
<var>${title_type}</var>
<arg>type('${post["title"]}').__name__</arg>
<doc>Evaluates the given expression in Python and returns the result.</doc>
<status status="PASS" start="2024-11-08T11:22:16.833189" elapsed="0.000399"/>
</kw>
<kw name="Should Be Equal As Strings" owner="BuiltIn">
<arg>${title_type}</arg>
<arg>str</arg>
<arg>Title is not a string</arg>
<doc>Fails if objects are unequal after converting them to strings.</doc>
<status status="PASS" start="2024-11-08T11:22:16.833663" elapsed="0.000123"/>
</kw>
<kw name="Should Not Be Empty" owner="BuiltIn">
<msg time="2024-11-08T11:22:16.834198" level="INFO">Length is 67.</msg>
<arg>${post["title"]}</arg>
<arg>Title field is empty</arg>
<doc>Verifies that the given item is not empty.</doc>
<status status="PASS" start="2024-11-08T11:22:16.833861" elapsed="0.000367"/>
</kw>
<var name="${post}">{'userId': 2, 'id': 16, 'title': 'sint suscipit perspiciatis velit dolorum rerum ipsa laboriosam odio', 'body': 'suscipit nam nisi quo aperiam aut\nasperiores eos fugit maiores voluptatibus quia\nvolu...</var>
<status status="PASS" start="2024-11-08T11:22:16.832347" elapsed="0.001910"/>
</iter>
<iter>
<kw name="Evaluate" owner="BuiltIn">
<msg time="2024-11-08T11:22:16.834789" level="INFO">${id_type} = &lt;class 'int'&gt;</msg>
<var>${id_type}</var>
<arg>type(${post["id"]})</arg>
<doc>Evaluates the given expression in Python and returns the result.</doc>
<status status="PASS" start="2024-11-08T11:22:16.834395" elapsed="0.000413"/>
</kw>
<kw name="Should Be Equal As Strings" owner="BuiltIn">
<msg time="2024-11-08T11:22:16.834974" level="INFO">Argument types are:
&lt;class 'type'&gt;
&lt;class 'str'&gt;</msg>
<arg>${id_type}</arg>
<arg>&lt;class 'int'&gt;</arg>
<arg>ID is not an integer</arg>
<doc>Fails if objects are unequal after converting them to strings.</doc>
<status status="PASS" start="2024-11-08T11:22:16.834878" elapsed="0.000130"/>
</kw>
<kw name="Evaluate" owner="BuiltIn">
<msg time="2024-11-08T11:22:16.835446" level="INFO">${title_type} = str</msg>
<var>${title_type}</var>
<arg>type('${post["title"]}').__name__</arg>
<doc>Evaluates the given expression in Python and returns the result.</doc>
<status status="PASS" start="2024-11-08T11:22:16.835079" elapsed="0.000386"/>
</kw>
<kw name="Should Be Equal As Strings" owner="BuiltIn">
<arg>${title_type}</arg>
<arg>str</arg>
<arg>Title is not a string</arg>
<doc>Fails if objects are unequal after converting them to strings.</doc>
<status status="PASS" start="2024-11-08T11:22:16.835539" elapsed="0.000121"/>
</kw>
<kw name="Should Not Be Empty" owner="BuiltIn">
<msg time="2024-11-08T11:22:16.836079" level="INFO">Length is 49.</msg>
<arg>${post["title"]}</arg>
<arg>Title field is empty</arg>
<doc>Verifies that the given item is not empty.</doc>
<status status="PASS" start="2024-11-08T11:22:16.835729" elapsed="0.000382"/>
</kw>
<var name="${post}">{'userId': 2, 'id': 17, 'title': 'fugit voluptas sed molestias voluptatem provident', 'body': 'eos voluptas et aut odit natus earum\naspernatur fuga molestiae ullam\ndeserunt ratione qui eos\nqui nihi...</var>
<status status="PASS" start="2024-11-08T11:22:16.834342" elapsed="0.001799"/>
</iter>
<iter>
<kw name="Evaluate" owner="BuiltIn">
<msg time="2024-11-08T11:22:16.836677" level="INFO">${id_type} = &lt;class 'int'&gt;</msg>
<var>${id_type}</var>
<arg>type(${post["id"]})</arg>
<doc>Evaluates the given expression in Python and returns the result.</doc>
<status status="PASS" start="2024-11-08T11:22:16.836286" elapsed="0.000410"/>
</kw>
<kw name="Should Be Equal As Strings" owner="BuiltIn">
<msg time="2024-11-08T11:22:16.836859" level="INFO">Argument types are:
&lt;class 'type'&gt;
&lt;class 'str'&gt;</msg>
<arg>${id_type}</arg>
<arg>&lt;class 'int'&gt;</arg>
<arg>ID is not an integer</arg>
<doc>Fails if objects are unequal after converting them to strings.</doc>
<status status="PASS" start="2024-11-08T11:22:16.836764" elapsed="0.000129"/>
</kw>
<kw name="Evaluate" owner="BuiltIn">
<msg time="2024-11-08T11:22:16.837329" level="INFO">${title_type} = str</msg>
<var>${title_type}</var>
<arg>type('${post["title"]}').__name__</arg>
<doc>Evaluates the given expression in Python and returns the result.</doc>
<status status="PASS" start="2024-11-08T11:22:16.836965" elapsed="0.000385"/>
</kw>
<kw name="Should Be Equal As Strings" owner="BuiltIn">
<arg>${title_type}</arg>
<arg>str</arg>
<arg>Title is not a string</arg>
<doc>Fails if objects are unequal after converting them to strings.</doc>
<status status="PASS" start="2024-11-08T11:22:16.837423" elapsed="0.000119"/>
</kw>
<kw name="Should Not Be Empty" owner="BuiltIn">
<msg time="2024-11-08T11:22:16.837955" level="INFO">Length is 42.</msg>
<arg>${post["title"]}</arg>
<arg>Title field is empty</arg>
<doc>Verifies that the given item is not empty.</doc>
<status status="PASS" start="2024-11-08T11:22:16.837609" elapsed="0.000390"/>
</kw>
<var name="${post}">{'userId': 2, 'id': 18, 'title': 'voluptate et itaque vero tempora molestiae', 'body': 'eveniet quo quis\nlaborum totam consequatur non dolor\nut et est repudiandae\nest voluptatem vel debitis et magn...</var>
<status status="PASS" start="2024-11-08T11:22:16.836229" elapsed="0.001803"/>
</iter>
<iter>
<kw name="Evaluate" owner="BuiltIn">
<msg time="2024-11-08T11:22:16.838566" level="INFO">${id_type} = &lt;class 'int'&gt;</msg>
<var>${id_type}</var>
<arg>type(${post["id"]})</arg>
<doc>Evaluates the given expression in Python and returns the result.</doc>
<status status="PASS" start="2024-11-08T11:22:16.838173" elapsed="0.000413"/>
</kw>
<kw name="Should Be Equal As Strings" owner="BuiltIn">
<msg time="2024-11-08T11:22:16.839024" level="INFO">Argument types are:
&lt;class 'type'&gt;
&lt;class 'str'&gt;</msg>
<arg>${id_type}</arg>
<arg>&lt;class 'int'&gt;</arg>
<arg>ID is not an integer</arg>
<doc>Fails if objects are unequal after converting them to strings.</doc>
<status status="PASS" start="2024-11-08T11:22:16.838662" elapsed="0.000435"/>
</kw>
<kw name="Evaluate" owner="BuiltIn">
<msg time="2024-11-08T11:22:16.839985" level="INFO">${title_type} = str</msg>
<var>${title_type}</var>
<arg>type('${post["title"]}').__name__</arg>
<doc>Evaluates the given expression in Python and returns the result.</doc>
<status status="PASS" start="2024-11-08T11:22:16.839313" elapsed="0.000697"/>
</kw>
<kw name="Should Be Equal As Strings" owner="BuiltIn">
<arg>${title_type}</arg>
<arg>str</arg>
<arg>Title is not a string</arg>
<doc>Fails if objects are unequal after converting them to strings.</doc>
<status status="PASS" start="2024-11-08T11:22:16.840106" elapsed="0.000163"/>
</kw>
<kw name="Should Not Be Empty" owner="BuiltIn">
<msg time="2024-11-08T11:22:16.841135" level="INFO">Length is 41.</msg>
<arg>${post["title"]}</arg>
<arg>Title field is empty</arg>
<doc>Verifies that the given item is not empty.</doc>
<status status="PASS" start="2024-11-08T11:22:16.840408" elapsed="0.000850"/>
</kw>
<var name="${post}">{'userId': 2, 'id': 19, 'title': 'adipisci placeat illum aut reiciendis qui', 'body': 'illum quis cupiditate provident sit magnam\nea sed aut omnis\nveniam maiores ullam consequatur atque\nadipisci qu...</var>
<status status="PASS" start="2024-11-08T11:22:16.838117" elapsed="0.003179"/>
</iter>
<iter>
<kw name="Evaluate" owner="BuiltIn">
<msg time="2024-11-08T11:22:16.842135" level="INFO">${id_type} = &lt;class 'int'&gt;</msg>
<var>${id_type}</var>
<arg>type(${post["id"]})</arg>
<doc>Evaluates the given expression in Python and returns the result.</doc>
<status status="PASS" start="2024-11-08T11:22:16.841625" elapsed="0.000535"/>
</kw>
<kw name="Should Be Equal As Strings" owner="BuiltIn">
<msg time="2024-11-08T11:22:16.842378" level="INFO">Argument types are:
&lt;class 'type'&gt;
&lt;class 'str'&gt;</msg>
<arg>${id_type}</arg>
<arg>&lt;class 'int'&gt;</arg>
<arg>ID is not an integer</arg>
<doc>Fails if objects are unequal after converting them to strings.</doc>
<status status="PASS" start="2024-11-08T11:22:16.842256" elapsed="0.000165"/>
</kw>
<kw name="Evaluate" owner="BuiltIn">
<msg time="2024-11-08T11:22:16.842953" level="INFO">${title_type} = str</msg>
<var>${title_type}</var>
<arg>type('${post["title"]}').__name__</arg>
<doc>Evaluates the given expression in Python and returns the result.</doc>
<status status="PASS" start="2024-11-08T11:22:16.842509" elapsed="0.000465"/>
</kw>
<kw name="Should Be Equal As Strings" owner="BuiltIn">
<arg>${title_type}</arg>
<arg>str</arg>
<arg>Title is not a string</arg>
<doc>Fails if objects are unequal after converting them to strings.</doc>
<status status="PASS" start="2024-11-08T11:22:16.843058" elapsed="0.000142"/>
</kw>
<kw name="Should Not Be Empty" owner="BuiltIn">
<msg time="2024-11-08T11:22:16.843673" level="INFO">Length is 34.</msg>
<arg>${post["title"]}</arg>
<arg>Title field is empty</arg>
<doc>Verifies that the given item is not empty.</doc>
<status status="PASS" start="2024-11-08T11:22:16.843281" elapsed="0.000429"/>
</kw>
<var name="${post}">{'userId': 2, 'id': 20, 'title': 'doloribus ad provident suscipit at', 'body': 'qui consequuntur ducimus possimus quisquam amet similique\nsuscipit porro ipsam amet\neos veritatis officiis exercitatio...</var>
<status status="PASS" start="2024-11-08T11:22:16.841551" elapsed="0.002196"/>
</iter>
<iter>
<kw name="Evaluate" owner="BuiltIn">
<msg time="2024-11-08T11:22:16.844396" level="INFO">${id_type} = &lt;class 'int'&gt;</msg>
<var>${id_type}</var>
<arg>type(${post["id"]})</arg>
<doc>Evaluates the given expression in Python and returns the result.</doc>
<status status="PASS" start="2024-11-08T11:22:16.843917" elapsed="0.000502"/>
</kw>
<kw name="Should Be Equal As Strings" owner="BuiltIn">
<msg time="2024-11-08T11:22:16.844621" level="INFO">Argument types are:
&lt;class 'type'&gt;
&lt;class 'str'&gt;</msg>
<arg>${id_type}</arg>
<arg>&lt;class 'int'&gt;</arg>
<arg>ID is not an integer</arg>
<doc>Fails if objects are unequal after converting them to strings.</doc>
<status status="PASS" start="2024-11-08T11:22:16.844503" elapsed="0.000163"/>
</kw>
<kw name="Evaluate" owner="BuiltIn">
<msg time="2024-11-08T11:22:16.845185" level="INFO">${title_type} = str</msg>
<var>${title_type}</var>
<arg>type('${post["title"]}').__name__</arg>
<doc>Evaluates the given expression in Python and returns the result.</doc>
<status status="PASS" start="2024-11-08T11:22:16.844753" elapsed="0.000457"/>
</kw>
<kw name="Should Be Equal As Strings" owner="BuiltIn">
<arg>${title_type}</arg>
<arg>str</arg>
<arg>Title is not a string</arg>
<doc>Fails if objects are unequal after converting them to strings.</doc>
<status status="PASS" start="2024-11-08T11:22:16.845293" elapsed="0.000133"/>
</kw>
<kw name="Should Not Be Empty" owner="BuiltIn">
<msg time="2024-11-08T11:22:16.845937" level="INFO">Length is 54.</msg>
<arg>${post["title"]}</arg>
<arg>Title field is empty</arg>
<doc>Verifies that the given item is not empty.</doc>
<status status="PASS" start="2024-11-08T11:22:16.845503" elapsed="0.000472"/>
</kw>
<var name="${post}">{'userId': 3, 'id': 21, 'title': 'asperiores ea ipsam voluptatibus modi minima quia sint', 'body': 'repellat aliquid praesentium dolorem quo\nsed totam minus non itaque\nnihil labore molestiae sunt do...</var>
<status status="PASS" start="2024-11-08T11:22:16.843852" elapsed="0.002161"/>
</iter>
<iter>
<kw name="Evaluate" owner="BuiltIn">
<msg time="2024-11-08T11:22:16.846634" level="INFO">${id_type} = &lt;class 'int'&gt;</msg>
<var>${id_type}</var>
<arg>type(${post["id"]})</arg>
<doc>Evaluates the given expression in Python and returns the result.</doc>
<status status="PASS" start="2024-11-08T11:22:16.846187" elapsed="0.000470"/>
</kw>
<kw name="Should Be Equal As Strings" owner="BuiltIn">
<msg time="2024-11-08T11:22:16.846855" level="INFO">Argument types are:
&lt;class 'type'&gt;
&lt;class 'str'&gt;</msg>
<arg>${id_type}</arg>
<arg>&lt;class 'int'&gt;</arg>
<arg>ID is not an integer</arg>
<doc>Fails if objects are unequal after converting them to strings.</doc>
<status status="PASS" start="2024-11-08T11:22:16.846741" elapsed="0.000158"/>
</kw>
<kw name="Evaluate" owner="BuiltIn">
<msg time="2024-11-08T11:22:16.847430" level="INFO">${title_type} = str</msg>
<var>${title_type}</var>
<arg>type('${post["title"]}').__name__</arg>
<doc>Evaluates the given expression in Python and returns the result.</doc>
<status status="PASS" start="2024-11-08T11:22:16.846986" elapsed="0.000467"/>
</kw>
<kw name="Should Be Equal As Strings" owner="BuiltIn">
<arg>${title_type}</arg>
<arg>str</arg>
<arg>Title is not a string</arg>
<doc>Fails if objects are unequal after converting them to strings.</doc>
<status status="PASS" start="2024-11-08T11:22:16.847535" elapsed="0.000140"/>
</kw>
<kw name="Should Not Be Empty" owner="BuiltIn">
<msg time="2024-11-08T11:22:16.848133" level="INFO">Length is 41.</msg>
<arg>${post["title"]}</arg>
<arg>Title field is empty</arg>
<doc>Verifies that the given item is not empty.</doc>
<status status="PASS" start="2024-11-08T11:22:16.847757" elapsed="0.000415"/>
</kw>
<var name="${post}">{'userId': 3, 'id': 22, 'title': 'dolor sint quo a velit explicabo quia nam', 'body': 'eos qui et ipsum ipsam suscipit aut\nsed omnis non odio\nexpedita earum mollitia molestiae aut atque rem suscipit...</var>
<status status="PASS" start="2024-11-08T11:22:16.846121" elapsed="0.002187"/>
</iter>
<iter>
<kw name="Evaluate" owner="BuiltIn">
<msg time="2024-11-08T11:22:16.849076" level="INFO">${id_type} = &lt;class 'int'&gt;</msg>
<var>${id_type}</var>
<arg>type(${post["id"]})</arg>
<doc>Evaluates the given expression in Python and returns the result.</doc>
<status status="PASS" start="2024-11-08T11:22:16.848527" elapsed="0.000575"/>
</kw>
<kw name="Should Be Equal As Strings" owner="BuiltIn">
<msg time="2024-11-08T11:22:16.849320" level="INFO">Argument types are:
&lt;class 'type'&gt;
&lt;class 'str'&gt;</msg>
<arg>${id_type}</arg>
<arg>&lt;class 'int'&gt;</arg>
<arg>ID is not an integer</arg>
<doc>Fails if objects are unequal after converting them to strings.</doc>
<status status="PASS" start="2024-11-08T11:22:16.849193" elapsed="0.000169"/>
</kw>
<kw name="Evaluate" owner="BuiltIn">
<msg time="2024-11-08T11:22:16.849885" level="INFO">${title_type} = str</msg>
<var>${title_type}</var>
<arg>type('${post["title"]}').__name__</arg>
<doc>Evaluates the given expression in Python and returns the result.</doc>
<status status="PASS" start="2024-11-08T11:22:16.849447" elapsed="0.000457"/>
</kw>
<kw name="Should Be Equal As Strings" owner="BuiltIn">
<arg>${title_type}</arg>
<arg>str</arg>
<arg>Title is not a string</arg>
<doc>Fails if objects are unequal after converting them to strings.</doc>
<status status="PASS" start="2024-11-08T11:22:16.849976" elapsed="0.000123"/>
</kw>
<kw name="Should Not Be Empty" owner="BuiltIn">
<msg time="2024-11-08T11:22:16.850507" level="INFO">Length is 29.</msg>
<arg>${post["title"]}</arg>
<arg>Title field is empty</arg>
<doc>Verifies that the given item is not empty.</doc>
<status status="PASS" start="2024-11-08T11:22:16.850178" elapsed="0.000362"/>
</kw>
<var name="${post}">{'userId': 3, 'id': 23, 'title': 'maxime id vitae nihil numquam', 'body': 'veritatis unde neque eligendi\nquae quod architecto quo neque vitae\nest illo sit tempora doloremque fugit quod\net et vel be...</var>
<status status="PASS" start="2024-11-08T11:22:16.848459" elapsed="0.002111"/>
</iter>
<iter>
<kw name="Evaluate" owner="BuiltIn">
<msg time="2024-11-08T11:22:16.851171" level="INFO">${id_type} = &lt;class 'int'&gt;</msg>
<var>${id_type}</var>
<arg>type(${post["id"]})</arg>
<doc>Evaluates the given expression in Python and returns the result.</doc>
<status status="PASS" start="2024-11-08T11:22:16.850760" elapsed="0.000430"/>
</kw>
<kw name="Should Be Equal As Strings" owner="BuiltIn">
<msg time="2024-11-08T11:22:16.851365" level="INFO">Argument types are:
&lt;class 'type'&gt;
&lt;class 'str'&gt;</msg>
<arg>${id_type}</arg>
<arg>&lt;class 'int'&gt;</arg>
<arg>ID is not an integer</arg>
<doc>Fails if objects are unequal after converting them to strings.</doc>
<status status="PASS" start="2024-11-08T11:22:16.851263" elapsed="0.000137"/>
</kw>
<kw name="Evaluate" owner="BuiltIn">
<msg time="2024-11-08T11:22:16.851882" level="INFO">${title_type} = str</msg>
<var>${title_type}</var>
<arg>type('${post["title"]}').__name__</arg>
<doc>Evaluates the given expression in Python and returns the result.</doc>
<status status="PASS" start="2024-11-08T11:22:16.851476" elapsed="0.000425"/>
</kw>
<kw name="Should Be Equal As Strings" owner="BuiltIn">
<arg>${title_type}</arg>
<arg>str</arg>
<arg>Title is not a string</arg>
<doc>Fails if objects are unequal after converting them to strings.</doc>
<status status="PASS" start="2024-11-08T11:22:16.851975" elapsed="0.000117"/>
</kw>
<kw name="Should Not Be Empty" owner="BuiltIn">
<msg time="2024-11-08T11:22:16.852489" level="INFO">Length is 38.</msg>
<arg>${post["title"]}</arg>
<arg>Title field is empty</arg>
<doc>Verifies that the given item is not empty.</doc>
<status status="PASS" start="2024-11-08T11:22:16.852159" elapsed="0.000362"/>
</kw>
<var name="${post}">{'userId': 3, 'id': 24, 'title': 'autem hic labore sunt dolores incidunt', 'body': 'enim et ex nulla\nomnis voluptas quia qui\nvoluptatem consequatur numquam aliquam sunt\ntotam recusandae id dignissi...</var>
<status status="PASS" start="2024-11-08T11:22:16.850701" elapsed="0.001854"/>
</iter>
<iter>
<kw name="Evaluate" owner="BuiltIn">
<msg time="2024-11-08T11:22:16.853096" level="INFO">${id_type} = &lt;class 'int'&gt;</msg>
<var>${id_type}</var>
<arg>type(${post["id"]})</arg>
<doc>Evaluates the given expression in Python and returns the result.</doc>
<status status="PASS" start="2024-11-08T11:22:16.852700" elapsed="0.000415"/>
</kw>
<kw name="Should Be Equal As Strings" owner="BuiltIn">
<msg time="2024-11-08T11:22:16.853288" level="INFO">Argument types are:
&lt;class 'type'&gt;
&lt;class 'str'&gt;</msg>
<arg>${id_type}</arg>
<arg>&lt;class 'int'&gt;</arg>
<arg>ID is not an integer</arg>
<doc>Fails if objects are unequal after converting them to strings.</doc>
<status status="PASS" start="2024-11-08T11:22:16.853187" elapsed="0.000139"/>
</kw>
<kw name="Evaluate" owner="BuiltIn">
<msg time="2024-11-08T11:22:16.853761" level="INFO">${title_type} = str</msg>
<var>${title_type}</var>
<arg>type('${post["title"]}').__name__</arg>
<doc>Evaluates the given expression in Python and returns the result.</doc>
<status status="PASS" start="2024-11-08T11:22:16.853400" elapsed="0.000378"/>
</kw>
<kw name="Should Be Equal As Strings" owner="BuiltIn">
<arg>${title_type}</arg>
<arg>str</arg>
<arg>Title is not a string</arg>
<doc>Fails if objects are unequal after converting them to strings.</doc>
<status status="PASS" start="2024-11-08T11:22:16.853846" elapsed="0.000113"/>
</kw>
<kw name="Should Not Be Empty" owner="BuiltIn">
<msg time="2024-11-08T11:22:16.854353" level="INFO">Length is 29.</msg>
<arg>${post["title"]}</arg>
<arg>Title field is empty</arg>
<doc>Verifies that the given item is not empty.</doc>
<status status="PASS" start="2024-11-08T11:22:16.854027" elapsed="0.000359"/>
</kw>
<var name="${post}">{'userId': 3, 'id': 25, 'title': 'rem alias distinctio quo quis', 'body': 'ullam consequatur ut\nomnis quis sit vel consequuntur\nipsa eligendi ipsum molestiae et omnis error nostrum\nmolestiae illo t...</var>
<status status="PASS" start="2024-11-08T11:22:16.852641" elapsed="0.001779"/>
</iter>
<iter>
<kw name="Evaluate" owner="BuiltIn">
<msg time="2024-11-08T11:22:16.854949" level="INFO">${id_type} = &lt;class 'int'&gt;</msg>
<var>${id_type}</var>
<arg>type(${post["id"]})</arg>
<doc>Evaluates the given expression in Python and returns the result.</doc>
<status status="PASS" start="2024-11-08T11:22:16.854560" elapsed="0.000408"/>
</kw>
<kw name="Should Be Equal As Strings" owner="BuiltIn">
<msg time="2024-11-08T11:22:16.855144" level="INFO">Argument types are:
&lt;class 'type'&gt;
&lt;class 'str'&gt;</msg>
<arg>${id_type}</arg>
<arg>&lt;class 'int'&gt;</arg>
<arg>ID is not an integer</arg>
<doc>Fails if objects are unequal after converting them to strings.</doc>
<status status="PASS" start="2024-11-08T11:22:16.855040" elapsed="0.000138"/>
</kw>
<kw name="Evaluate" owner="BuiltIn">
<msg time="2024-11-08T11:22:16.856088" level="INFO">${title_type} = str</msg>
<var>${title_type}</var>
<arg>type('${post["title"]}').__name__</arg>
<doc>Evaluates the given expression in Python and returns the result.</doc>
<status status="PASS" start="2024-11-08T11:22:16.855251" elapsed="0.000870"/>
</kw>
<kw name="Should Be Equal As Strings" owner="BuiltIn">
<arg>${title_type}</arg>
<arg>str</arg>
<arg>Title is not a string</arg>
<doc>Fails if objects are unequal after converting them to strings.</doc>
<status status="PASS" start="2024-11-08T11:22:16.856220" elapsed="0.000159"/>
</kw>
<kw name="Should Not Be Empty" owner="BuiltIn">
<msg time="2024-11-08T11:22:16.856869" level="INFO">Length is 24.</msg>
<arg>${post["title"]}</arg>
<arg>Title field is empty</arg>
<doc>Verifies that the given item is not empty.</doc>
<status status="PASS" start="2024-11-08T11:22:16.856464" elapsed="0.000443"/>
</kw>
<var name="${post}">{'userId': 3, 'id': 26, 'title': 'est et quae odit qui non', 'body': 'similique esse doloribus nihil accusamus\nomnis dolorem fuga consequuntur reprehenderit fugit recusandae temporibus\nperspiciatis ...</var>
<status status="PASS" start="2024-11-08T11:22:16.854504" elapsed="0.002438"/>
</iter>
<iter>
<kw name="Evaluate" owner="BuiltIn">
<msg time="2024-11-08T11:22:16.857573" level="INFO">${id_type} = &lt;class 'int'&gt;</msg>
<var>${id_type}</var>
<arg>type(${post["id"]})</arg>
<doc>Evaluates the given expression in Python and returns the result.</doc>
<status status="PASS" start="2024-11-08T11:22:16.857112" elapsed="0.000484"/>
</kw>
<kw name="Should Be Equal As Strings" owner="BuiltIn">
<msg time="2024-11-08T11:22:16.857797" level="INFO">Argument types are:
&lt;class 'type'&gt;
&lt;class 'str'&gt;</msg>
<arg>${id_type}</arg>
<arg>&lt;class 'int'&gt;</arg>
<arg>ID is not an integer</arg>
<doc>Fails if objects are unequal after converting them to strings.</doc>
<status status="PASS" start="2024-11-08T11:22:16.857681" elapsed="0.000158"/>
</kw>
<kw name="Evaluate" owner="BuiltIn">
<msg time="2024-11-08T11:22:16.858378" level="INFO">${title_type} = str</msg>
<var>${title_type}</var>
<arg>type('${post["title"]}').__name__</arg>
<doc>Evaluates the given expression in Python and returns the result.</doc>
<status status="PASS" start="2024-11-08T11:22:16.857928" elapsed="0.000475"/>
</kw>
<kw name="Should Be Equal As Strings" owner="BuiltIn">
<arg>${title_type}</arg>
<arg>str</arg>
<arg>Title is not a string</arg>
<doc>Fails if objects are unequal after converting them to strings.</doc>
<status status="PASS" start="2024-11-08T11:22:16.858487" elapsed="0.000136"/>
</kw>
<kw name="Should Not Be Empty" owner="BuiltIn">
<msg time="2024-11-08T11:22:16.859079" level="INFO">Length is 37.</msg>
<arg>${post["title"]}</arg>
<arg>Title field is empty</arg>
<doc>Verifies that the given item is not empty.</doc>
<status status="PASS" start="2024-11-08T11:22:16.858703" elapsed="0.000411"/>
</kw>
<var name="${post}">{'userId': 3, 'id': 27, 'title': 'quasi id et eos tenetur aut quo autem', 'body': 'eum sed dolores ipsam sint possimus debitis occaecati\ndebitis qui qui et\nut placeat enim earum aut odit facilis\nco...</var>
<status status="PASS" start="2024-11-08T11:22:16.857043" elapsed="0.002104"/>
</iter>
<iter>
<kw name="Evaluate" owner="BuiltIn">
<msg time="2024-11-08T11:22:16.859894" level="INFO">${id_type} = &lt;class 'int'&gt;</msg>
<var>${id_type}</var>
<arg>type(${post["id"]})</arg>
<doc>Evaluates the given expression in Python and returns the result.</doc>
<status status="PASS" start="2024-11-08T11:22:16.859428" elapsed="0.000491"/>
</kw>
<kw name="Should Be Equal As Strings" owner="BuiltIn">
<msg time="2024-11-08T11:22:16.860129" level="INFO">Argument types are:
&lt;class 'type'&gt;
&lt;class 'str'&gt;</msg>
<arg>${id_type}</arg>
<arg>&lt;class 'int'&gt;</arg>
<arg>ID is not an integer</arg>
<doc>Fails if objects are unequal after converting them to strings.</doc>
<status status="PASS" start="2024-11-08T11:22:16.860008" elapsed="0.000167"/>
</kw>
<kw name="Evaluate" owner="BuiltIn">
<msg time="2024-11-08T11:22:16.861046" level="INFO">${title_type} = str</msg>
<var>${title_type}</var>
<arg>type('${post["title"]}').__name__</arg>
<doc>Evaluates the given expression in Python and returns the result.</doc>
<status status="PASS" start="2024-11-08T11:22:16.860262" elapsed="0.000813"/>
</kw>
<kw name="Should Be Equal As Strings" owner="BuiltIn">
<arg>${title_type}</arg>
<arg>str</arg>
<arg>Title is not a string</arg>
<doc>Fails if objects are unequal after converting them to strings.</doc>
<status status="PASS" start="2024-11-08T11:22:16.861180" elapsed="0.000187"/>
</kw>
<kw name="Should Not Be Empty" owner="BuiltIn">
<msg time="2024-11-08T11:22:16.861943" level="INFO">Length is 47.</msg>
<arg>${post["title"]}</arg>
<arg>Title field is empty</arg>
<doc>Verifies that the given item is not empty.</doc>
<status status="PASS" start="2024-11-08T11:22:16.861462" elapsed="0.000524"/>
</kw>
<var name="${post}">{'userId': 3, 'id': 28, 'title': 'delectus ullam et corporis nulla voluptas sequi', 'body': 'non et quaerat ex quae ad maiores\nmaiores recusandae totam aut blanditiis mollitia quas illo\nut voluptati...</var>
<status status="PASS" start="2024-11-08T11:22:16.859358" elapsed="0.002670"/>
</iter>
<iter>
<kw name="Evaluate" owner="BuiltIn">
<msg time="2024-11-08T11:22:16.862685" level="INFO">${id_type} = &lt;class 'int'&gt;</msg>
<var>${id_type}</var>
<arg>type(${post["id"]})</arg>
<doc>Evaluates the given expression in Python and returns the result.</doc>
<status status="PASS" start="2024-11-08T11:22:16.862222" elapsed="0.000487"/>
</kw>
<kw name="Should Be Equal As Strings" owner="BuiltIn">
<msg time="2024-11-08T11:22:16.862913" level="INFO">Argument types are:
&lt;class 'type'&gt;
&lt;class 'str'&gt;</msg>
<arg>${id_type}</arg>
<arg>&lt;class 'int'&gt;</arg>
<arg>ID is not an integer</arg>
<doc>Fails if objects are unequal after converting them to strings.</doc>
<status status="PASS" start="2024-11-08T11:22:16.862795" elapsed="0.000158"/>
</kw>
<kw name="Evaluate" owner="BuiltIn">
<msg time="2024-11-08T11:22:16.863474" level="INFO">${title_type} = str</msg>
<var>${title_type}</var>
<arg>type('${post["title"]}').__name__</arg>
<doc>Evaluates the given expression in Python and returns the result.</doc>
<status status="PASS" start="2024-11-08T11:22:16.863042" elapsed="0.000455"/>
</kw>
<kw name="Should Be Equal As Strings" owner="BuiltIn">
<arg>${title_type}</arg>
<arg>str</arg>
<arg>Title is not a string</arg>
<doc>Fails if objects are unequal after converting them to strings.</doc>
<status status="PASS" start="2024-11-08T11:22:16.863588" elapsed="0.000140"/>
</kw>
<kw name="Should Not Be Empty" owner="BuiltIn">
<msg time="2024-11-08T11:22:16.864196" level="INFO">Length is 39.</msg>
<arg>${post["title"]}</arg>
<arg>Title field is empty</arg>
<doc>Verifies that the given item is not empty.</doc>
<status status="PASS" start="2024-11-08T11:22:16.863812" elapsed="0.000419"/>
</kw>
<var name="${post}">{'userId': 3, 'id': 29, 'title': 'iusto eius quod necessitatibus culpa ea', 'body': 'odit magnam ut saepe sed non qui\ntempora atque nihil\naccusamus illum doloribus illo dolor\neligendi repudiandae o...</var>
<status status="PASS" start="2024-11-08T11:22:16.862150" elapsed="0.002119"/>
</iter>
<iter>
<kw name="Evaluate" owner="BuiltIn">
<msg time="2024-11-08T11:22:16.864877" level="INFO">${id_type} = &lt;class 'int'&gt;</msg>
<var>${id_type}</var>
<arg>type(${post["id"]})</arg>
<doc>Evaluates the given expression in Python and returns the result.</doc>
<status status="PASS" start="2024-11-08T11:22:16.864431" elapsed="0.000468"/>
</kw>
<kw name="Should Be Equal As Strings" owner="BuiltIn">
<msg time="2024-11-08T11:22:16.865469" level="INFO">Argument types are:
&lt;class 'type'&gt;
&lt;class 'str'&gt;</msg>
<arg>${id_type}</arg>
<arg>&lt;class 'int'&gt;</arg>
<arg>ID is not an integer</arg>
<doc>Fails if objects are unequal after converting them to strings.</doc>
<status status="PASS" start="2024-11-08T11:22:16.864981" elapsed="0.000554"/>
</kw>
<kw name="Evaluate" owner="BuiltIn">
<msg time="2024-11-08T11:22:16.866328" level="INFO">${title_type} = str</msg>
<var>${title_type}</var>
<arg>type('${post["title"]}').__name__</arg>
<doc>Evaluates the given expression in Python and returns the result.</doc>
<status status="PASS" start="2024-11-08T11:22:16.865680" elapsed="0.000681"/>
</kw>
<kw name="Should Be Equal As Strings" owner="BuiltIn">
<arg>${title_type}</arg>
<arg>str</arg>
<arg>Title is not a string</arg>
<doc>Fails if objects are unequal after converting them to strings.</doc>
<status status="PASS" start="2024-11-08T11:22:16.866486" elapsed="0.000199"/>
</kw>
<kw name="Should Not Be Empty" owner="BuiltIn">
<msg time="2024-11-08T11:22:16.867345" level="INFO">Length is 33.</msg>
<arg>${post["title"]}</arg>
<arg>Title field is empty</arg>
<doc>Verifies that the given item is not empty.</doc>
<status status="PASS" start="2024-11-08T11:22:16.866800" elapsed="0.000600"/>
</kw>
<var name="${post}">{'userId': 3, 'id': 30, 'title': 'a quo magni similique perferendis', 'body': 'alias dolor cumque\nimpedit blanditiis non eveniet odio maxime\nblanditiis amet eius quis tempora quia autem rem\na provi...</var>
<status status="PASS" start="2024-11-08T11:22:16.864365" elapsed="0.003089"/>
</iter>
<iter>
<kw name="Evaluate" owner="BuiltIn">
<msg time="2024-11-08T11:22:16.868255" level="INFO">${id_type} = &lt;class 'int'&gt;</msg>
<var>${id_type}</var>
<arg>type(${post["id"]})</arg>
<doc>Evaluates the given expression in Python and returns the result.</doc>
<status status="PASS" start="2024-11-08T11:22:16.867685" elapsed="0.000594"/>
</kw>
<kw name="Should Be Equal As Strings" owner="BuiltIn">
<msg time="2024-11-08T11:22:16.868488" level="INFO">Argument types are:
&lt;class 'type'&gt;
&lt;class 'str'&gt;</msg>
<arg>${id_type}</arg>
<arg>&lt;class 'int'&gt;</arg>
<arg>ID is not an integer</arg>
<doc>Fails if objects are unequal after converting them to strings.</doc>
<status status="PASS" start="2024-11-08T11:22:16.868368" elapsed="0.000168"/>
</kw>
<kw name="Evaluate" owner="BuiltIn">
<msg time="2024-11-08T11:22:16.869114" level="INFO">${title_type} = str</msg>
<var>${title_type}</var>
<arg>type('${post["title"]}').__name__</arg>
<doc>Evaluates the given expression in Python and returns the result.</doc>
<status status="PASS" start="2024-11-08T11:22:16.868626" elapsed="0.000514"/>
</kw>
<kw name="Should Be Equal As Strings" owner="BuiltIn">
<arg>${title_type}</arg>
<arg>str</arg>
<arg>Title is not a string</arg>
<doc>Fails if objects are unequal after converting them to strings.</doc>
<status status="PASS" start="2024-11-08T11:22:16.869235" elapsed="0.000152"/>
</kw>
<kw name="Should Not Be Empty" owner="BuiltIn">
<msg time="2024-11-08T11:22:16.869896" level="INFO">Length is 39.</msg>
<arg>${post["title"]}</arg>
<arg>Title field is empty</arg>
<doc>Verifies that the given item is not empty.</doc>
<status status="PASS" start="2024-11-08T11:22:16.869481" elapsed="0.000458"/>
</kw>
<var name="${post}">{'userId': 4, 'id': 31, 'title': 'ullam ut quidem id aut vel consequuntur', 'body': 'debitis eius sed quibusdam non quis consectetur vitae\nimpedit ut qui consequatur sed aut in\nquidem sit nostrum et...</var>
<status status="PASS" start="2024-11-08T11:22:16.867596" elapsed="0.002381"/>
</iter>
<iter>
<kw name="Evaluate" owner="BuiltIn">
<msg time="2024-11-08T11:22:16.870714" level="INFO">${id_type} = &lt;class 'int'&gt;</msg>
<var>${id_type}</var>
<arg>type(${post["id"]})</arg>
<doc>Evaluates the given expression in Python and returns the result.</doc>
<status status="PASS" start="2024-11-08T11:22:16.870206" elapsed="0.000533"/>
</kw>
<kw name="Should Be Equal As Strings" owner="BuiltIn">
<msg time="2024-11-08T11:22:16.870967" level="INFO">Argument types are:
&lt;class 'type'&gt;
&lt;class 'str'&gt;</msg>
<arg>${id_type}</arg>
<arg>&lt;class 'int'&gt;</arg>
<arg>ID is not an integer</arg>
<doc>Fails if objects are unequal after converting them to strings.</doc>
<status status="PASS" start="2024-11-08T11:22:16.870831" elapsed="0.000183"/>
</kw>
<kw name="Evaluate" owner="BuiltIn">
<msg time="2024-11-08T11:22:16.871655" level="INFO">${title_type} = str</msg>
<var>${title_type}</var>
<arg>type('${post["title"]}').__name__</arg>
<doc>Evaluates the given expression in Python and returns the result.</doc>
<status status="PASS" start="2024-11-08T11:22:16.871111" elapsed="0.000568"/>
</kw>
<kw name="Should Be Equal As Strings" owner="BuiltIn">
<arg>${title_type}</arg>
<arg>str</arg>
<arg>Title is not a string</arg>
<doc>Fails if objects are unequal after converting them to strings.</doc>
<status status="PASS" start="2024-11-08T11:22:16.871777" elapsed="0.000186"/>
</kw>
<kw name="Should Not Be Empty" owner="BuiltIn">
<msg time="2024-11-08T11:22:16.873071" level="INFO">Length is 29.</msg>
<arg>${post["title"]}</arg>
<arg>Title field is empty</arg>
<doc>Verifies that the given item is not empty.</doc>
<status status="PASS" start="2024-11-08T11:22:16.872132" elapsed="0.001017"/>
</kw>
<var name="${post}">{'userId': 4, 'id': 32, 'title': 'doloremque illum aliquid sunt', 'body': 'deserunt eos nobis asperiores et hic\nest debitis repellat molestiae optio\nnihil ratione ut eos beatae quibusdam distinctio ...</var>
<status status="PASS" start="2024-11-08T11:22:16.870134" elapsed="0.003086"/>
</iter>
<iter>
<kw name="Evaluate" owner="BuiltIn">
<msg time="2024-11-08T11:22:16.874628" level="INFO">${id_type} = &lt;class 'int'&gt;</msg>
[...]
 body={
  "userId": 1,
  "id": 1,
  "title": "sunt aut facere repellat provident occaecati excepturi optio reprehenderit",
  "body": "quia et suscipit\nsuscipit recusandae consequuntur expedita et cum\nreprehenderit molestiae ut ut quas totam\nnostrum rerum est autem sunt rem eveniet architecto"
} 
 </msg>
<msg time="2024-11-08T11:22:18.261537" level="INFO">${response} = &lt;Response [200]&gt;</msg>
<var>${response}</var>
<arg>${POSTS_URL}/1</arg>
<arg>headers=${HEADERS}</arg>
<doc>Sends a GET request.</doc>
<status status="PASS" start="2024-11-08T11:22:17.037345" elapsed="1.224241"/>
</kw>
<kw name="Should Be Equal As Numbers" owner="BuiltIn">
<msg time="2024-11-08T11:22:18.263532" level="INFO">Argument types are:
&lt;class 'int'&gt;
&lt;class 'str'&gt;</msg>
<arg>${response.status_code}</arg>
<arg>200</arg>
<doc>Fails if objects are unequal after converting them to real numbers.</doc>
<status status="PASS" start="2024-11-08T11:22:18.262425" elapsed="0.001269"/>
</kw>
<kw name="Should Be True" owner="BuiltIn">
<arg>${response.elapsed.total_seconds()} &lt; 2</arg>
<arg>Response time is too high</arg>
<doc>Fails if the given condition is not true.</doc>
<status status="PASS" start="2024-11-08T11:22:18.264320" elapsed="0.001686"/>
</kw>
<kw name="Should Contain" owner="BuiltIn">
<arg>${response.json()}</arg>
<arg>title</arg>
<doc>Fails if ``container`` does not contain ``item`` one or more times.</doc>
<status status="PASS" start="2024-11-08T11:22:18.266689" elapsed="0.000982"/>
</kw>
<kw name="Dictionary Should Contain Key" owner="Collections">
<arg>${response.headers}</arg>
<arg>Content-Type</arg>
<doc>Fails if ``key`` is not found from ``dictionary``.</doc>
<status status="PASS" start="2024-11-08T11:22:18.268306" elapsed="0.000954"/>
</kw>
<kw name="Should Be Equal" owner="BuiltIn">
<arg>${response.headers["Content-Type"]}</arg>
<arg>application/json; charset=utf-8</arg>
<doc>Fails if the given objects are unequal.</doc>
<status status="PASS" start="2024-11-08T11:22:18.269908" elapsed="0.001135"/>
</kw>
<kw name="Should Be True" owner="BuiltIn">
<arg>isinstance(${response.json()["id"]}, int)</arg>
<arg>ID not an int</arg>
<doc>Fails if the given condition is not true.</doc>
<status status="PASS" start="2024-11-08T11:22:18.271765" elapsed="0.001019"/>
</kw>
<kw name="Evaluate" owner="BuiltIn">
<msg time="2024-11-08T11:22:18.275022" level="INFO">${title_type} = str</msg>
<var>${title_type}</var>
<arg>type("${response.json()['title']}").__name__</arg>
<doc>Evaluates the given expression in Python and returns the result.</doc>
<status status="PASS" start="2024-11-08T11:22:18.273486" elapsed="0.001620"/>
</kw>
<kw name="Should Be Equal As Strings" owner="BuiltIn">
<arg>${title_type}</arg>
<arg>str</arg>
<arg>Title is not a string</arg>
<doc>Fails if objects are unequal after converting them to strings.</doc>
<status status="PASS" start="2024-11-08T11:22:18.275644" elapsed="0.000506"/>
</kw>
<kw name="Should Not Be Empty" owner="BuiltIn">
<msg time="2024-11-08T11:22:18.278794" level="INFO">Length is 74.</msg>
<arg>${response.json()["title"]}</arg>
<doc>Verifies that the given item is not empty.</doc>
<status status="PASS" start="2024-11-08T11:22:18.277103" elapsed="0.001819"/>
</kw>
<doc>Test retrieving a post by its ID</doc>
<status status="PASS" start="2024-11-08T11:22:17.036941" elapsed="1.242456"/>
</test>
<test id="s1-t4" name="Create Post" line="61">
<kw name="Create Dictionary" owner="BuiltIn">
<msg time="2024-11-08T11:22:18.282520" level="INFO">${data} = {'title': 'foo', 'body': 'bar', 'userId': '1'}</msg>
<var>${data}</var>
<arg>title=foo</arg>
<arg>body=bar</arg>
<arg>userId=1</arg>
<doc>Creates and returns a dictionary based on the given ``items``.</doc>
<status status="PASS" start="2024-11-08T11:22:18.281743" elapsed="0.000854"/>
</kw>
<kw name="POST" owner="RequestsLibrary">
<msg time="2024-11-08T11:22:18.745077" level="INFO">POST Request : url=https://jsonplaceholder.typicode.com/posts 
 path_url=/posts 
 headers={'User-Agent': 'python-requests/2.32.3', 'Accept-Encoding': 'gzip, deflate', 'Accept': '*/*', 'Connection': 'keep-alive', 'Content-Type': 'application/json; charset=UTF-8', 'Content-Length': '46'} 
 body=b'{"title": "foo", "body": "bar", "userId": "1"}' 
 </msg>
<msg time="2024-11-08T11:22:18.745311" level="INFO">POST Response : url=https://jsonplaceholder.typicode.com/posts 
 status=201, reason=Created 
 headers={'Date': 'Fri, 08 Nov 2024 10:22:17 GMT', 'Content-Type': 'application/json; charset=utf-8', 'Content-Length': '67', 'Connection': 'keep-alive', 'Report-To': '{"group":"heroku-nel","max_age":3600,"endpoints":[{"url":"https://nel.heroku.com/reports?ts=1731061337&amp;sid=e11707d5-02a7-43ef-b45e-2cf4d2036f7d&amp;s=0po13jUlxtAbtnCmb5mRCxheb6VuRbUZ0mLGH%2FL70zU%3D"}]}', 'Reporting-Endpoints': 'heroku-nel=https://nel.heroku.com/reports?ts=1731061337&amp;sid=e11707d5-02a7-43ef-b45e-2cf4d2036f7d&amp;s=0po13jUlxtAbtnCmb5mRCxheb6VuRbUZ0mLGH%2FL70zU%3D', 'Nel': '{"report_to":"heroku-nel","max_age":3600,"success_fraction":0.005,"failure_fraction":0.05,"response_headers":["Via"]}', 'X-Powered-By': 'Express', 'X-Ratelimit-Limit': '1000', 'X-Ratelimit-Remaining': '998', 'X-Ratelimit-Reset': '1731061344', 'Vary': 'Origin, X-HTTP-Method-Override, Accept-Encoding', 'Access-Control-Allow-Credentials': 'true', 'Cache-Control': 'no-cache', 'Pragma': 'no-cache', 'Expires': '-1', 'Access-Control-Expose-Headers': 'Location', 'Location': 'https://jsonplaceholder.typicode.com/posts/101', 'X-Content-Type-Options': 'nosniff', 'Etag': 'W/"43-e0UvNeXth+6+06UFNnGIVUOlAcw"', 'Via': '1.1 vegur', 'cf-cache-status': 'DYNAMIC', 'Server': 'cloudflare', 'CF-RAY': '8df4d751b8c1e1dc-MRS', 'alt-svc': 'h3=":443"; ma=86400', 'server-timing': 'cfL4;desc="?proto=TCP&amp;rtt=160031&amp;sent=6&amp;recv=7&amp;lost=0&amp;retrans=0&amp;sent_bytes=2843&amp;recv_bytes=919&amp;delivery_rate=57386&amp;cwnd=251&amp;unsent_bytes=0&amp;cid=36154b1ee4222c5b&amp;ts=185&amp;x=0"'} 
 body={
  "title": "foo",
  "body": "bar",
  "userId": "1",
  "id": 101
} 
 </msg>
<msg time="2024-11-08T11:22:18.745601" level="INFO">${response} = &lt;Response [201]&gt;</msg>
<var>${response}</var>
<arg>${POSTS_URL}</arg>
<arg>headers=${HEADERS}</arg>
<arg>json=${data}</arg>
<doc>Sends a POST request.</doc>
<status status="PASS" start="2024-11-08T11:22:18.283412" elapsed="0.462249"/>
</kw>
<kw name="Should Be Equal As Numbers" owner="BuiltIn">
<msg time="2024-11-08T11:22:18.747142" level="INFO">Argument types are:
&lt;class 'int'&gt;
&lt;class 'str'&gt;</msg>
<arg>${response.status_code}</arg>
<arg>201</arg>
<doc>Fails if objects are unequal after converting them to real numbers.</doc>
<status status="PASS" start="2024-11-08T11:22:18.746325" elapsed="0.000918"/>
</kw>
<kw name="Set Variable" owner="BuiltIn">
<msg time="2024-11-08T11:22:18.748555" level="INFO">${response_body} = {'title': 'foo', 'body': 'bar', 'userId': '1', 'id': 101}</msg>
<var>${response_body}</var>
<arg>${response.json()}</arg>
<doc>Returns the given values which can then be assigned to a variables.</doc>
<status status="PASS" start="2024-11-08T11:22:18.747720" elapsed="0.000880"/>
</kw>
<kw name="Should Contain" owner="BuiltIn">
<arg>${response_body}</arg>
<arg>id</arg>
<doc>Fails if ``container`` does not contain ``item`` one or more times.</doc>
<status status="PASS" start="2024-11-08T11:22:18.749081" elapsed="0.000261"/>
</kw>
<kw name="Should Contain" owner="BuiltIn">
<arg>${response_body}</arg>
<arg>id</arg>
<doc>Fails if ``container`` does not contain ``item`` one or more times.</doc>
<status status="PASS" start="2024-11-08T11:22:18.749808" elapsed="0.000256"/>
</kw>
<kw name="Should Be Equal As Strings" owner="BuiltIn">
<arg>${response_body['title']}</arg>
<arg>foo</arg>
<doc>Fails if objects are unequal after converting them to strings.</doc>
<status status="PASS" start="2024-11-08T11:22:18.750472" elapsed="0.000703"/>
</kw>
<kw name="Should Be Equal As Strings" owner="BuiltIn">
<arg>${response_body['body']}</arg>
<arg>bar</arg>
<doc>Fails if objects are unequal after converting them to strings.</doc>
<status status="PASS" start="2024-11-08T11:22:18.751719" elapsed="0.000641"/>
</kw>
<kw name="Should Be Equal As Numbers" owner="BuiltIn">
<arg>${response_body['userId']}</arg>
<arg>1</arg>
<doc>Fails if objects are unequal after converting them to real numbers.</doc>
<status status="PASS" start="2024-11-08T11:22:18.752898" elapsed="0.000776"/>
</kw>
<doc>Test creating a new post</doc>
<status status="PASS" start="2024-11-08T11:22:18.280629" elapsed="0.473940"/>
</test>
<test id="s1-t5" name="Update Post" line="74">
<kw name="Create Dictionary" owner="BuiltIn">
<msg time="2024-11-08T11:22:18.757004" level="INFO">${data} = {'title': 'foo updated', 'body': 'bar updated', 'userId': '1'}</msg>
<var>${data}</var>
<arg>title=foo updated</arg>
<arg>body=bar updated</arg>
<arg>userId=1</arg>
<doc>Creates and returns a dictionary based on the given ``items``.</doc>
<status status="PASS" start="2024-11-08T11:22:18.756558" elapsed="0.000505"/>
</kw>
<kw name="PUT" owner="RequestsLibrary">
<msg time="2024-11-08T11:22:19.074526" level="INFO">PUT Request : url=https://jsonplaceholder.typicode.com/posts/1 
 path_url=/posts/1 
 headers={'User-Agent': 'python-requests/2.32.3', 'Accept-Encoding': 'gzip, deflate', 'Accept': '*/*', 'Connection': 'keep-alive', 'Content-Type': 'application/json; charset=UTF-8', 'Content-Length': '62'} 
 body=b'{"title": "foo updated", "body": "bar updated", "userId": "1"}' 
 </msg>
<msg time="2024-11-08T11:22:19.074716" level="INFO">PUT Response : url=https://jsonplaceholder.typicode.com/posts/1 
 status=200, reason=OK 
 headers={'Date': 'Fri, 08 Nov 2024 10:22:18 GMT', 'Content-Type': 'application/json; charset=utf-8', 'Transfer-Encoding': 'chunked', 'Connection': 'keep-alive', 'Report-To': '{"group":"heroku-nel","max_age":3600,"endpoints":[{"url":"https://nel.heroku.com/reports?ts=1731061338&amp;sid=e11707d5-02a7-43ef-b45e-2cf4d2036f7d&amp;s=bukD3QsINiPETjzFgcNctT0lDqQMioeVf3ewYBXovII%3D"}]}', 'Reporting-Endpoints': 'heroku-nel=https://nel.heroku.com/reports?ts=1731061338&amp;sid=e11707d5-02a7-43ef-b45e-2cf4d2036f7d&amp;s=bukD3QsINiPETjzFgcNctT0lDqQMioeVf3ewYBXovII%3D', 'Nel': '{"report_to":"heroku-nel","max_age":3600,"success_fraction":0.005,"failure_fraction":0.05,"response_headers":["Via"]}', 'X-Powered-By': 'Express', 'X-Ratelimit-Limit': '1000', 'X-Ratelimit-Remaining': '997', 'X-Ratelimit-Reset': '1731061344', 'Vary': 'Origin, Accept-Encoding', 'Access-Control-Allow-Credentials': 'true', 'Cache-Control': 'no-cache', 'Pragma': 'no-cache', 'Expires': '-1', 'X-Content-Type-Options': 'nosniff', 'Etag': 'W/"51-6R5dd5xvx2ZEsKpSM9jJpDk4jYQ"', 'Via': '1.1 vegur', 'CF-Cache-Status': 'DYNAMIC', 'Server': 'cloudflare', 'CF-RAY': '8df4d753deffe21d-MRS', 'Content-Encoding': 'gzip', 'alt-svc': 'h3=":443"; ma=86400', 'server-timing': 'cfL4;desc="?proto=TCP&amp;rtt=61847&amp;sent=5&amp;recv=7&amp;lost=0&amp;retrans=0&amp;sent_bytes=2842&amp;recv_bytes=936&amp;delivery_rate=60079&amp;cwnd=252&amp;unsent_bytes=0&amp;cid=930334b0729e0433&amp;ts=182&amp;x=0"'} 
 body={
  "title": "foo updated",
  "body": "bar updated",
  "userId": "1",
  "id": 1
} 
 </msg>
<msg time="2024-11-08T11:22:19.074957" level="INFO">${response} = &lt;Response [200]&gt;</msg>
<var>${response}</var>
<arg>${POSTS_URL}/1</arg>
<arg>headers=${HEADERS}</arg>
<arg>json=${data}</arg>
<doc>Sends a PUT request.</doc>
<status status="PASS" start="2024-11-08T11:22:18.757451" elapsed="0.317567"/>
</kw>
<kw name="Should Be Equal As Numbers" owner="BuiltIn">
<msg time="2024-11-08T11:22:19.076693" level="INFO">Argument types are:
&lt;class 'int'&gt;
&lt;class 'str'&gt;</msg>
<arg>${response.status_code}</arg>
<arg>200</arg>
<doc>Fails if objects are unequal after converting them to real numbers.</doc>
<status status="PASS" start="2024-11-08T11:22:19.075671" elapsed="0.001230"/>
</kw>
<kw name="Set Variable" owner="BuiltIn">
<msg time="2024-11-08T11:22:19.078565" level="INFO">${response_body} = {'title': 'foo updated', 'body': 'bar updated', 'userId': '1', 'id': 1}</msg>
<var>${response_body}</var>
<arg>${response.json()}</arg>
<doc>Returns the given values which can then be assigned to a variables.</doc>
<status status="PASS" start="2024-11-08T11:22:19.077543" elapsed="0.001077"/>
</kw>
<kw name="Should Be Equal As Strings" owner="BuiltIn">
<arg>${response_body['title']}</arg>
<arg>foo updated</arg>
<doc>Fails if objects are unequal after converting them to strings.</doc>
<status status="PASS" start="2024-11-08T11:22:19.079129" elapsed="0.000920"/>
</kw>
<kw name="Should Be Equal As Strings" owner="BuiltIn">
<arg>${response_body['body']}</arg>
<arg>bar updated</arg>
<doc>Fails if objects are unequal after converting them to strings.</doc>
<status status="PASS" start="2024-11-08T11:22:19.080592" elapsed="0.001103"/>
</kw>
<kw name="Should Be Equal As Numbers" owner="BuiltIn">
<arg>${response_body['userId']}</arg>
<arg>1</arg>
<doc>Fails if objects are unequal after converting them to real numbers.</doc>
<status status="PASS" start="2024-11-08T11:22:19.082320" elapsed="0.000960"/>
</kw>
<doc>Test updating a post</doc>
<status status="PASS" start="2024-11-08T11:22:18.755983" elapsed="0.327923"/>
</test>
<test id="s1-t6" name="Delete Post" line="85">
<kw name="DELETE" owner="RequestsLibrary">
<msg time="2024-11-08T11:22:19.412130" level="INFO">DELETE Request : url=https://jsonplaceholder.typicode.com/posts/1 
 path_url=/posts/1 
 headers={'User-Agent': 'python-requests/2.32.3', 'Accept-Encoding': 'gzip, deflate', 'Accept': '*/*', 'Connection': 'keep-alive', 'Content-Type': 'application/json; charset=UTF-8', 'Content-Length': '0'} 
 body=None 
 </msg>
<msg time="2024-11-08T11:22:19.412325" level="INFO">DELETE Response : url=https://jsonplaceholder.typicode.com/posts/1 
 status=200, reason=OK 
 headers={'Date': 'Fri, 08 Nov 2024 10:22:18 GMT', 'Content-Type': 'application/json; charset=utf-8', 'Content-Length': '2', 'Connection': 'keep-alive', 'Report-To': '{"group":"heroku-nel","max_age":3600,"endpoints":[{"url":"https://nel.heroku.com/reports?ts=1731061338&amp;sid=e11707d5-02a7-43ef-b45e-2cf4d2036f7d&amp;s=bukD3QsINiPETjzFgcNctT0lDqQMioeVf3ewYBXovII%3D"}]}', 'Reporting-Endpoints': 'heroku-nel=https://nel.heroku.com/reports?ts=1731061338&amp;sid=e11707d5-02a7-43ef-b45e-2cf4d2036f7d&amp;s=bukD3QsINiPETjzFgcNctT0lDqQMioeVf3ewYBXovII%3D', 'Nel': '{"report_to":"heroku-nel","max_age":3600,"success_fraction":0.005,"failure_fraction":0.05,"response_headers":["Via"]}', 'X-Powered-By': 'Express', 'X-Ratelimit-Limit': '1000', 'X-Ratelimit-Remaining': '996', 'X-Ratelimit-Reset': '1731061344', 'Vary': 'Origin, Accept-Encoding', 'Access-Control-Allow-Credentials': 'true', 'Cache-Control': 'no-cache', 'Pragma': 'no-cache', 'Expires': '-1', 'X-Content-Type-Options': 'nosniff', 'Etag': 'W/"2-vyGp6PvFo4RvsFtPoIWeCReyIC8"', 'Via': '1.1 vegur', 'cf-cache-status': 'DYNAMIC', 'Server': 'cloudflare', 'CF-RAY': '8df4d755fe25e211-MRS', 'alt-svc': 'h3=":443"; ma=86400', 'server-timing': 'cfL4;desc="?proto=TCP&amp;rtt=60574&amp;sent=5&amp;recv=6&amp;lost=0&amp;retrans=0&amp;sent_bytes=2842&amp;recv_bytes=854&amp;delivery_rate=61445&amp;cwnd=252&amp;unsent_bytes=0&amp;cid=2889e3270c2e57b8&amp;ts=178&amp;x=0"'} 
 body={} 
 </msg>
<msg time="2024-11-08T11:22:19.412907" level="INFO">${response} = &lt;Response [200]&gt;</msg>
<var>${response}</var>
<arg>${POSTS_URL}/1</arg>
<arg>headers=${HEADERS}</arg>
<doc>Sends a DELETE request.</doc>
<status status="PASS" start="2024-11-08T11:22:19.086661" elapsed="0.326305"/>
</kw>
<kw name="Should Be Equal As Numbers" owner="BuiltIn">
<msg time="2024-11-08T11:22:19.414757" level="INFO">Argument types are:
&lt;class 'int'&gt;
&lt;class 'str'&gt;</msg>
<arg>${response.status_code}</arg>
<arg>200</arg>
<doc>Fails if objects are unequal after converting them to real numbers.</doc>
<status status="PASS" start="2024-11-08T11:22:19.413628" elapsed="0.001296"/>
</kw>
<kw name="GET" owner="RequestsLibrary">
<msg time="2024-11-08T11:22:19.650872" level="INFO">GET Request : url=https://jsonplaceholder.typicode.com/posts/1 
 path_url=/posts/1 
 headers={'User-Agent': 'python-requests/2.32.3', 'Accept-Encoding': 'gzip, deflate', 'Accept': '*/*', 'Connection': 'keep-alive', 'Content-Type': 'application/json; charset=UTF-8'} 
 body=None 
 </msg>
<msg time="2024-11-08T11:22:19.651074" level="INFO">GET Response : url=https://jsonplaceholder.typicode.com/posts/1 
 status=200, reason=OK 
 headers={'Date': 'Fri, 08 Nov 2024 10:22:18 GMT', 'Content-Type': 'application/json; charset=utf-8', 'Transfer-Encoding': 'chunked', 'Connection': 'keep-alive', 'Report-To': '{"group":"heroku-nel","max_age":3600,"endpoints":[{"url":"https://nel.heroku.com/reports?ts=1730905982&amp;sid=e11707d5-02a7-43ef-b45e-2cf4d2036f7d&amp;s=I664UyLTIz2keIm4IoHUc5oQ8mzpwpEMVmf6MryT9Tk%3D"}]}', 'Reporting-Endpoints': 'heroku-nel=https://nel.heroku.com/reports?ts=1730905982&amp;sid=e11707d5-02a7-43ef-b45e-2cf4d2036f7d&amp;s=I664UyLTIz2keIm4IoHUc5oQ8mzpwpEMVmf6MryT9Tk%3D', 'Nel': '{"report_to":"heroku-nel","max_age":3600,"success_fraction":0.005,"failure_fraction":0.05,"response_headers":["Via"]}', 'X-Powered-By': 'Express', 'X-Ratelimit-Limit': '1000', 'X-Ratelimit-Remaining': '999', 'X-Ratelimit-Reset': '1730906011', 'Vary': 'Origin, Accept-Encoding', 'Access-Control-Allow-Credentials': 'true', 'Cache-Control': 'max-age=43200', 'Pragma': 'no-cache', 'Expires': '-1', 'X-Content-Type-Options': 'nosniff', 'Etag': 'W/"124-yiKdLzqO5gfBrJFrcdJ8Yq0LGnU"', 'Via': '1.1 vegur', 'CF-Cache-Status': 'HIT', 'Age': '11351', 'Server': 'cloudflare', 'CF-RAY': '8df4d757ff9070f6-MRS', 'Content-Encoding': 'gzip', 'alt-svc': 'h3=":443"; ma=86400', 'server-timing': 'cfL4;desc="?proto=TCP&amp;rtt=64519&amp;sent=5&amp;recv=6&amp;lost=0&amp;retrans=0&amp;sent_bytes=2842&amp;recv_bytes=832&amp;delivery_rate=70938&amp;cwnd=252&amp;unsent_bytes=0&amp;cid=6ec56b42a8abc840&amp;ts=86&amp;x=0"'} 
 body={
  "userId": 1,
  "id": 1,
  "title": "sunt aut facere repellat provident occaecati excepturi optio reprehenderit",
  "body": "quia et suscipit\nsuscipit recusandae consequuntur expedita et cum\nreprehenderit molestiae ut ut quas totam\nnostrum rerum est autem sunt rem eveniet architecto"
} 
 </msg>
<msg time="2024-11-08T11:22:19.651457" level="INFO">${get_response} = &lt;Response [200]&gt;</msg>
<var>${get_response}</var>
<arg>${POSTS_URL}/1</arg>
<arg>headers=${HEADERS}</arg>
<doc>Sends a GET request.</doc>
<status status="PASS" start="2024-11-08T11:22:19.415589" elapsed="0.235925"/>
</kw>
<kw name="Should Be Equal As Numbers" owner="BuiltIn">
<msg time="2024-11-08T11:22:19.653293" level="INFO">Argument types are:
&lt;class 'int'&gt;
&lt;class 'str'&gt;</msg>
<msg time="2024-11-08T11:22:19.653547" level="FAIL">200.0 != 404.0</msg>
<arg>${get_response.status_code}</arg>
<arg>404</arg>
<doc>Fails if objects are unequal after converting them to real numbers.</doc>
<status status="FAIL" start="2024-11-08T11:22:19.652273" elapsed="0.001558">200.0 != 404.0</status>
</kw>
<doc>Test deleting a post</doc>
<status status="FAIL" start="2024-11-08T11:22:19.085770" elapsed="0.568841">200.0 != 404.0</status>
</test>
<status status="FAIL" start="2024-11-08T11:22:15.985195" elapsed="3.672022"/>
</suite>
<statistics>
<total>
<stat pass="5" fail="1" skip="0">All Tests</stat>
</total>
<tag>
</tag>
<suite>
<stat pass="5" fail="1" skip="0" id="s1" name="Test Post">Test Post</stat>
</suite>
</statistics>
<errors>
</errors>
</robot>
